{"/Users/huangding/Documents/web-ai/3022/frontend-admin/src/App.vue": {"path":"/Users/huangding/Documents/web-ai/3022/frontend-admin/src/App.vue","statementMap":{"0":{"start":{"line":2,"column":7},"end":{"line":2,"column":null}},"1":{"start":{"line":2,"column":2},"end":{"line":8,"column":null}},"2":{"start":{"line":3,"column":36},"end":{"line":5,"column":37}},"3":{"start":{"line":5,"column":37},"end":{"line":5,"column":37}}},"fnMap":{"0":{"name":"(anonymous_0)","decl":{"start":{"line":4,"column":6},"end":{"line":4,"column":18}},"loc":{"start":{"line":3,"column":36},"end":{"line":5,"column":37}},"line":3},"1":{"name":"(anonymous_1)","decl":{"start":{"line":5,"column":8},"end":{"line":5,"column":24}},"loc":{"start":{"line":5,"column":37},"end":{"line":5,"column":37}},"line":5}},"branchMap":{},"s":{"0":1,"1":8,"2":13,"3":13},"f":{"0":13,"1":13},"b":{},"meta":{"lastBranch":0,"lastFunction":0,"lastStatement":0,"seen":{}}}
,"/Users/huangding/Documents/web-ai/3022/frontend-admin/src/api/request.js": {"path":"/Users/huangding/Documents/web-ai/3022/frontend-admin/src/api/request.js","statementMap":{"0":{"start":{"line":17,"column":11},"end":{"line":17,"column":null}},"1":{"start":{"line":29,"column":19},"end":{"line":44,"column":null}},"2":{"start":{"line":46,"column":16},"end":{"line":50,"column":null}},"3":{"start":{"line":53,"column":0},"end":{"line":68,"column":null}},"4":{"start":{"line":55,"column":18},"end":{"line":55,"column":null}},"5":{"start":{"line":56,"column":4},"end":{"line":58,"column":null}},"6":{"start":{"line":57,"column":6},"end":{"line":57,"column":null}},"7":{"start":{"line":60,"column":4},"end":{"line":60,"column":null}},"8":{"start":{"line":61,"column":4},"end":{"line":61,"column":null}},"9":{"start":{"line":62,"column":4},"end":{"line":62,"column":null}},"10":{"start":{"line":65,"column":4},"end":{"line":65,"column":null}},"11":{"start":{"line":66,"column":4},"end":{"line":66,"column":null}},"12":{"start":{"line":71,"column":0},"end":{"line":92,"column":null}},"13":{"start":{"line":73,"column":36},"end":{"line":73,"column":null}},"14":{"start":{"line":74,"column":4},"end":{"line":77,"column":null}},"15":{"start":{"line":75,"column":6},"end":{"line":75,"column":null}},"16":{"start":{"line":76,"column":6},"end":{"line":76,"column":null}},"17":{"start":{"line":78,"column":4},"end":{"line":78,"column":null}},"18":{"start":{"line":79,"column":4},"end":{"line":79,"column":null}},"19":{"start":{"line":80,"column":4},"end":{"line":80,"column":null}},"20":{"start":{"line":83,"column":16},"end":{"line":83,"column":null}},"21":{"start":{"line":84,"column":4},"end":{"line":84,"column":null}},"22":{"start":{"line":87,"column":4},"end":{"line":89,"column":null}},"23":{"start":{"line":88,"column":6},"end":{"line":88,"column":null}},"24":{"start":{"line":90,"column":4},"end":{"line":90,"column":null}},"25":{"start":{"line":100,"column":2},"end":{"line":113,"column":null}},"26":{"start":{"line":100,"column":15},"end":{"line":100,"column":16}},"27":{"start":{"line":101,"column":4},"end":{"line":112,"column":null}},"28":{"start":{"line":102,"column":6},"end":{"line":102,"column":null}},"29":{"start":{"line":104,"column":6},"end":{"line":104,"column":null}},"30":{"start":{"line":104,"column":25},"end":{"line":104,"column":null}},"31":{"start":{"line":107,"column":26},"end":{"line":107,"column":null}},"32":{"start":{"line":108,"column":6},"end":{"line":108,"column":null}},"33":{"start":{"line":108,"column":24},"end":{"line":108,"column":null}},"34":{"start":{"line":110,"column":6},"end":{"line":110,"column":null}},"35":{"start":{"line":111,"column":6},"end":{"line":111,"column":null}},"36":{"start":{"line":111,"column":35},"end":{"line":111,"column":87}},"37":{"start":{"line":126,"column":2},"end":{"line":126,"column":null}},"38":{"start":{"line":134,"column":2},"end":{"line":136,"column":null}},"39":{"start":{"line":143,"column":21},"end":{"line":143,"column":null}},"40":{"start":{"line":144,"column":2},"end":{"line":147,"column":null}},"41":{"start":{"line":146,"column":18},"end":{"line":146,"column":null}},"42":{"start":{"line":156,"column":2},"end":{"line":156,"column":null}},"43":{"start":{"line":156,"column":43},"end":{"line":156,"column":null}},"44":{"start":{"line":157,"column":2},"end":{"line":157,"column":null}},"45":{"start":{"line":157,"column":48},"end":{"line":157,"column":null}},"46":{"start":{"line":158,"column":2},"end":{"line":158,"column":null}},"47":{"start":{"line":158,"column":66},"end":{"line":158,"column":null}},"48":{"start":{"line":159,"column":2},"end":{"line":159,"column":null}}},"fnMap":{"0":{"name":"(anonymous_0)","decl":{"start":{"line":54,"column":2},"end":{"line":54,"column":8}},"loc":{"start":{"line":54,"column":12},"end":{"line":63,"column":3}},"line":54},"1":{"name":"(anonymous_1)","decl":{"start":{"line":64,"column":2},"end":{"line":64,"column":7}},"loc":{"start":{"line":64,"column":11},"end":{"line":67,"column":null}},"line":64},"2":{"name":"(anonymous_2)","decl":{"start":{"line":72,"column":2},"end":{"line":72,"column":10}},"loc":{"start":{"line":72,"column":14},"end":{"line":81,"column":3}},"line":72},"3":{"name":"(anonymous_3)","decl":{"start":{"line":82,"column":2},"end":{"line":82,"column":7}},"loc":{"start":{"line":82,"column":11},"end":{"line":91,"column":null}},"line":82},"4":{"name":"requestWithRetry","decl":{"start":{"line":99,"column":22},"end":{"line":99,"column":38}},"loc":{"start":{"line":99,"column":80},"end":{"line":114,"column":null}},"line":99},"5":{"name":"(anonymous_5)","decl":{"start":{"line":111,"column":24},"end":{"line":111,"column":31}},"loc":{"start":{"line":111,"column":35},"end":{"line":111,"column":87}},"line":111},"6":{"name":"shouldUseMock","decl":{"start":{"line":125,"column":16},"end":{"line":125,"column":29}},"loc":{"start":{"line":125,"column":32},"end":{"line":127,"column":null}},"line":125},"7":{"name":"getApiModeDescription","decl":{"start":{"line":133,"column":16},"end":{"line":133,"column":37}},"loc":{"start":{"line":133,"column":40},"end":{"line":137,"column":null}},"line":133},"8":{"name":"createCancellableRequest","decl":{"start":{"line":142,"column":16},"end":{"line":142,"column":40}},"loc":{"start":{"line":142,"column":43},"end":{"line":148,"column":null}},"line":142},"9":{"name":"(anonymous_9)","decl":{"start":{"line":146,"column":12},"end":{"line":146,"column":13}},"loc":{"start":{"line":146,"column":18},"end":{"line":146,"column":null}},"line":146},"10":{"name":"handleEmptyData","decl":{"start":{"line":155,"column":16},"end":{"line":155,"column":31}},"loc":{"start":{"line":155,"column":53},"end":{"line":160,"column":null}},"line":155}},"branchMap":{"0":{"loc":{"start":{"line":31,"column":11},"end":{"line":31,"column":54}},"type":"binary-expr","locations":[{"start":{"line":31,"column":11},"end":{"line":31,"column":44}},{"start":{"line":31,"column":48},"end":{"line":31,"column":54}}],"line":31},"1":{"loc":{"start":{"line":56,"column":4},"end":{"line":58,"column":null}},"type":"if","locations":[{"start":{"line":56,"column":4},"end":{"line":58,"column":null}},{"start":{},"end":{}}],"line":56},"2":{"loc":{"start":{"line":74,"column":4},"end":{"line":77,"column":null}},"type":"if","locations":[{"start":{"line":74,"column":4},"end":{"line":77,"column":null}},{"start":{},"end":{}}],"line":74},"3":{"loc":{"start":{"line":74,"column":8},"end":{"line":74,"column":43}},"type":"binary-expr","locations":[{"start":{"line":74,"column":8},"end":{"line":74,"column":20}},{"start":{"line":74,"column":24},"end":{"line":74,"column":34}},{"start":{"line":74,"column":38},"end":{"line":74,"column":43}}],"line":74},"4":{"loc":{"start":{"line":76,"column":13},"end":{"line":76,"column":null}},"type":"cond-expr","locations":[{"start":{"line":76,"column":34},"end":{"line":76,"column":38}},{"start":{"line":76,"column":41},"end":{"line":76,"column":null}}],"line":76},"5":{"loc":{"start":{"line":79,"column":20},"end":{"line":79,"column":37}},"type":"binary-expr","locations":[{"start":{"line":79,"column":20},"end":{"line":79,"column":27}},{"start":{"line":79,"column":31},"end":{"line":79,"column":37}}],"line":79},"6":{"loc":{"start":{"line":83,"column":16},"end":{"line":83,"column":null}},"type":"binary-expr","locations":[{"start":{"line":83,"column":16},"end":{"line":83,"column":45}},{"start":{"line":83,"column":49},"end":{"line":83,"column":62}},{"start":{"line":83,"column":66},"end":{"line":83,"column":null}}],"line":83},"7":{"loc":{"start":{"line":87,"column":4},"end":{"line":89,"column":null}},"type":"if","locations":[{"start":{"line":87,"column":4},"end":{"line":89,"column":null}},{"start":{},"end":{}}],"line":87},"8":{"loc":{"start":{"line":99,"column":47},"end":{"line":99,"column":78}},"type":"default-arg","locations":[{"start":{"line":99,"column":57},"end":{"line":99,"column":78}}],"line":99},"9":{"loc":{"start":{"line":104,"column":6},"end":{"line":104,"column":null}},"type":"if","locations":[{"start":{"line":104,"column":6},"end":{"line":104,"column":null}},{"start":{},"end":{}}],"line":104},"10":{"loc":{"start":{"line":107,"column":26},"end":{"line":107,"column":null}},"type":"binary-expr","locations":[{"start":{"line":107,"column":26},"end":{"line":107,"column":41}},{"start":{"line":107,"column":45},"end":{"line":107,"column":null}}],"line":107},"11":{"loc":{"start":{"line":108,"column":6},"end":{"line":108,"column":null}},"type":"if","locations":[{"start":{"line":108,"column":6},"end":{"line":108,"column":null}},{"start":{},"end":{}}],"line":108},"12":{"loc":{"start":{"line":134,"column":9},"end":{"line":136,"column":null}},"type":"cond-expr","locations":[{"start":{"line":135,"column":6},"end":{"line":135,"column":21}},{"start":{"line":136,"column":6},"end":{"line":136,"column":null}}],"line":134},"13":{"loc":{"start":{"line":155,"column":38},"end":{"line":155,"column":51}},"type":"default-arg","locations":[{"start":{"line":155,"column":49},"end":{"line":155,"column":51}}],"line":155},"14":{"loc":{"start":{"line":156,"column":2},"end":{"line":156,"column":null}},"type":"if","locations":[{"start":{"line":156,"column":2},"end":{"line":156,"column":null}},{"start":{},"end":{}}],"line":156},"15":{"loc":{"start":{"line":156,"column":6},"end":{"line":156,"column":41}},"type":"binary-expr","locations":[{"start":{"line":156,"column":6},"end":{"line":156,"column":19}},{"start":{"line":156,"column":23},"end":{"line":156,"column":41}}],"line":156},"16":{"loc":{"start":{"line":157,"column":2},"end":{"line":157,"column":null}},"type":"if","locations":[{"start":{"line":157,"column":2},"end":{"line":157,"column":null}},{"start":{},"end":{}}],"line":157},"17":{"loc":{"start":{"line":157,"column":6},"end":{"line":157,"column":46}},"type":"binary-expr","locations":[{"start":{"line":157,"column":6},"end":{"line":157,"column":25}},{"start":{"line":157,"column":29},"end":{"line":157,"column":46}}],"line":157},"18":{"loc":{"start":{"line":158,"column":2},"end":{"line":158,"column":null}},"type":"if","locations":[{"start":{"line":158,"column":2},"end":{"line":158,"column":null}},{"start":{},"end":{}}],"line":158},"19":{"loc":{"start":{"line":158,"column":6},"end":{"line":158,"column":64}},"type":"binary-expr","locations":[{"start":{"line":158,"column":6},"end":{"line":158,"column":30}},{"start":{"line":158,"column":34},"end":{"line":158,"column":64}}],"line":158}},"s":{"0":1,"1":1,"2":1,"3":1,"4":0,"5":0,"6":0,"7":0,"8":0,"9":0,"10":0,"11":0,"12":1,"13":0,"14":0,"15":0,"16":0,"17":0,"18":0,"19":0,"20":0,"21":0,"22":0,"23":0,"24":0,"25":0,"26":0,"27":0,"28":0,"29":0,"30":0,"31":0,"32":0,"33":0,"34":0,"35":0,"36":0,"37":3,"38":2,"39":5,"40":5,"41":2,"42":15,"43":5,"44":10,"45":1,"46":9,"47":1,"48":8},"f":{"0":0,"1":0,"2":0,"3":0,"4":0,"5":0,"6":3,"7":2,"8":5,"9":2,"10":15},"b":{"0":[1,1],"1":[0,0],"2":[0,0],"3":[0,0,0],"4":[0,0],"5":[0,0],"6":[0,0,0],"7":[0,0],"8":[0],"9":[0,0],"10":[0,0],"11":[0,0],"12":[2,0],"13":[15],"14":[5,10],"15":[15,12],"16":[1,9],"17":[10,2],"18":[1,8],"19":[9,3]},"meta":{"lastBranch":20,"lastFunction":11,"lastStatement":49,"seen":{"s:17:11:17:Infinity":0,"s:29:19:44:Infinity":1,"b:31:11:31:44:31:48:31:54":0,"s:46:16:50:Infinity":2,"s:53:0:68:Infinity":3,"f:54:2:54:8":0,"s:55:18:55:Infinity":4,"b:56:4:58:Infinity:undefined:undefined:undefined:undefined":1,"s:56:4:58:Infinity":5,"s:57:6:57:Infinity":6,"s:60:4:60:Infinity":7,"s:61:4:61:Infinity":8,"s:62:4:62:Infinity":9,"f:64:2:64:7":1,"s:65:4:65:Infinity":10,"s:66:4:66:Infinity":11,"s:71:0:92:Infinity":12,"f:72:2:72:10":2,"s:73:36:73:Infinity":13,"b:74:4:77:Infinity:undefined:undefined:undefined:undefined":2,"s:74:4:77:Infinity":14,"b:74:8:74:20:74:24:74:34:74:38:74:43":3,"s:75:6:75:Infinity":15,"s:76:6:76:Infinity":16,"b:76:34:76:38:76:41:76:Infinity":4,"s:78:4:78:Infinity":17,"s:79:4:79:Infinity":18,"b:79:20:79:27:79:31:79:37":5,"s:80:4:80:Infinity":19,"f:82:2:82:7":3,"s:83:16:83:Infinity":20,"b:83:16:83:45:83:49:83:62:83:66:83:Infinity":6,"s:84:4:84:Infinity":21,"b:87:4:89:Infinity:undefined:undefined:undefined:undefined":7,"s:87:4:89:Infinity":22,"s:88:6:88:Infinity":23,"s:90:4:90:Infinity":24,"f:99:22:99:38":4,"b:99:57:99:78":8,"s:100:2:113:Infinity":25,"s:100:15:100:16":26,"s:101:4:112:Infinity":27,"s:102:6:102:Infinity":28,"b:104:6:104:Infinity:undefined:undefined:undefined:undefined":9,"s:104:6:104:Infinity":29,"s:104:25:104:Infinity":30,"s:107:26:107:Infinity":31,"b:107:26:107:41:107:45:107:Infinity":10,"b:108:6:108:Infinity:undefined:undefined:undefined:undefined":11,"s:108:6:108:Infinity":32,"s:108:24:108:Infinity":33,"s:110:6:110:Infinity":34,"s:111:6:111:Infinity":35,"f:111:24:111:31":5,"s:111:35:111:87":36,"f:125:16:125:29":6,"s:126:2:126:Infinity":37,"f:133:16:133:37":7,"s:134:2:136:Infinity":38,"b:135:6:135:21:136:6:136:Infinity":12,"f:142:16:142:40":8,"s:143:21:143:Infinity":39,"s:144:2:147:Infinity":40,"f:146:12:146:13":9,"s:146:18:146:Infinity":41,"f:155:16:155:31":10,"b:155:49:155:51":13,"b:156:2:156:Infinity:undefined:undefined:undefined:undefined":14,"s:156:2:156:Infinity":42,"b:156:6:156:19:156:23:156:41":15,"s:156:43:156:Infinity":43,"b:157:2:157:Infinity:undefined:undefined:undefined:undefined":16,"s:157:2:157:Infinity":44,"b:157:6:157:25:157:29:157:46":17,"s:157:48:157:Infinity":45,"b:158:2:158:Infinity:undefined:undefined:undefined:undefined":18,"s:158:2:158:Infinity":46,"b:158:6:158:30:158:34:158:64":19,"s:158:66:158:Infinity":47,"s:159:2:159:Infinity":48}}}
,"/Users/huangding/Documents/web-ai/3022/frontend-admin/src/api/video.js": {"path":"/Users/huangding/Documents/web-ai/3022/frontend-admin/src/api/video.js","statementMap":{"0":{"start":{"line":20,"column":11},"end":{"line":20,"column":null}},"1":{"start":{"line":27,"column":23},"end":{"line":48,"column":null}},"2":{"start":{"line":29,"column":4},"end":{"line":29,"column":null}},"3":{"start":{"line":30,"column":4},"end":{"line":30,"column":30}},"4":{"start":{"line":33,"column":4},"end":{"line":33,"column":null}},"5":{"start":{"line":34,"column":4},"end":{"line":34,"column":null}},"6":{"start":{"line":36,"column":25},"end":{"line":45,"column":3}},"7":{"start":{"line":46,"column":15},"end":{"line":46,"column":17}},"8":{"start":{"line":47,"column":23},"end":{"line":47,"column":null}},"9":{"start":{"line":54,"column":2},"end":{"line":71,"column":null}},"10":{"start":{"line":55,"column":4},"end":{"line":57,"column":null}},"11":{"start":{"line":56,"column":6},"end":{"line":56,"column":null}},"12":{"start":{"line":59,"column":4},"end":{"line":70,"column":null}},"13":{"start":{"line":60,"column":21},"end":{"line":62,"column":null}},"14":{"start":{"line":63,"column":6},"end":{"line":63,"column":null}},"15":{"start":{"line":65,"column":6},"end":{"line":65,"column":null}},"16":{"start":{"line":66,"column":6},"end":{"line":68,"column":null}},"17":{"start":{"line":67,"column":8},"end":{"line":67,"column":null}},"18":{"start":{"line":69,"column":6},"end":{"line":69,"column":null}},"19":{"start":{"line":74,"column":24},"end":{"line":163,"column":null}},"20":{"start":{"line":76,"column":16},"end":{"line":76,"column":50}},"21":{"start":{"line":82,"column":12},"end":{"line":82,"column":40}},"22":{"start":{"line":88,"column":4},"end":{"line":101,"column":null}},"23":{"start":{"line":89,"column":6},"end":{"line":89,"column":null}},"24":{"start":{"line":90,"column":6},"end":{"line":100,"column":null}},"25":{"start":{"line":91,"column":23},"end":{"line":91,"column":null}},"26":{"start":{"line":92,"column":25},"end":{"line":99,"column":null}},"27":{"start":{"line":93,"column":10},"end":{"line":93,"column":null}},"28":{"start":{"line":94,"column":10},"end":{"line":94,"column":null}},"29":{"start":{"line":95,"column":10},"end":{"line":98,"column":null}},"30":{"start":{"line":96,"column":12},"end":{"line":96,"column":null}},"31":{"start":{"line":97,"column":12},"end":{"line":97,"column":null}},"32":{"start":{"line":102,"column":4},"end":{"line":106,"column":null}},"33":{"start":{"line":105,"column":31},"end":{"line":105,"column":null}},"34":{"start":{"line":110,"column":4},"end":{"line":113,"column":null}},"35":{"start":{"line":111,"column":6},"end":{"line":111,"column":null}},"36":{"start":{"line":112,"column":6},"end":{"line":112,"column":null}},"37":{"start":{"line":114,"column":4},"end":{"line":114,"column":null}},"38":{"start":{"line":118,"column":4},"end":{"line":121,"column":null}},"39":{"start":{"line":119,"column":6},"end":{"line":119,"column":null}},"40":{"start":{"line":120,"column":6},"end":{"line":120,"column":null}},"41":{"start":{"line":122,"column":4},"end":{"line":122,"column":null}},"42":{"start":{"line":126,"column":12},"end":{"line":126,"column":49}},"43":{"start":{"line":127,"column":11},"end":{"line":127,"column":56}},"44":{"start":{"line":132,"column":4},"end":{"line":135,"column":null}},"45":{"start":{"line":133,"column":6},"end":{"line":133,"column":null}},"46":{"start":{"line":134,"column":6},"end":{"line":134,"column":null}},"47":{"start":{"line":136,"column":4},"end":{"line":136,"column":null}},"48":{"start":{"line":140,"column":12},"end":{"line":140,"column":51}},"49":{"start":{"line":141,"column":11},"end":{"line":141,"column":37}},"50":{"start":{"line":146,"column":4},"end":{"line":149,"column":null}},"51":{"start":{"line":147,"column":6},"end":{"line":147,"column":null}},"52":{"start":{"line":148,"column":6},"end":{"line":148,"column":null}},"53":{"start":{"line":150,"column":4},"end":{"line":150,"column":null}},"54":{"start":{"line":154,"column":4},"end":{"line":157,"column":null}},"55":{"start":{"line":155,"column":6},"end":{"line":155,"column":null}},"56":{"start":{"line":156,"column":6},"end":{"line":156,"column":null}},"57":{"start":{"line":158,"column":4},"end":{"line":161,"column":null}},"58":{"start":{"line":165,"column":28},"end":{"line":183,"column":null}},"59":{"start":{"line":167,"column":10},"end":{"line":167,"column":41}},"60":{"start":{"line":173,"column":10},"end":{"line":173,"column":41}},"61":{"start":{"line":179,"column":10},"end":{"line":179,"column":49}},"62":{"start":{"line":185,"column":21},"end":{"line":278,"column":null}},"63":{"start":{"line":187,"column":4},"end":{"line":194,"column":null}},"64":{"start":{"line":188,"column":6},"end":{"line":188,"column":null}},"65":{"start":{"line":189,"column":6},"end":{"line":193,"column":null}},"66":{"start":{"line":190,"column":8},"end":{"line":192,"column":null}},"67":{"start":{"line":191,"column":10},"end":{"line":191,"column":null}},"68":{"start":{"line":195,"column":4},"end":{"line":195,"column":null}},"69":{"start":{"line":199,"column":4},"end":{"line":201,"column":null}},"70":{"start":{"line":200,"column":6},"end":{"line":200,"column":null}},"71":{"start":{"line":202,"column":4},"end":{"line":202,"column":null}},"72":{"start":{"line":206,"column":10},"end":{"line":206,"column":36}},"73":{"start":{"line":207,"column":10},"end":{"line":207,"column":12}},"74":{"start":{"line":212,"column":4},"end":{"line":214,"column":null}},"75":{"start":{"line":213,"column":6},"end":{"line":213,"column":null}},"76":{"start":{"line":215,"column":4},"end":{"line":215,"column":null}},"77":{"start":{"line":225,"column":4},"end":{"line":275,"column":null}},"78":{"start":{"line":226,"column":6},"end":{"line":226,"column":null}},"79":{"start":{"line":227,"column":6},"end":{"line":274,"column":null}},"80":{"start":{"line":228,"column":8},"end":{"line":273,"column":null}},"81":{"start":{"line":229,"column":77},"end":{"line":229,"column":null}},"82":{"start":{"line":230,"column":29},"end":{"line":230,"column":null}},"83":{"start":{"line":230,"column":59},"end":{"line":230,"column":66}},"84":{"start":{"line":231,"column":25},"end":{"line":231,"column":null}},"85":{"start":{"line":231,"column":55},"end":{"line":231,"column":61}},"86":{"start":{"line":233,"column":27},"end":{"line":233,"column":null}},"87":{"start":{"line":234,"column":10},"end":{"line":234,"column":null}},"88":{"start":{"line":235,"column":10},"end":{"line":235,"column":null}},"89":{"start":{"line":237,"column":10},"end":{"line":237,"column":null}},"90":{"start":{"line":238,"column":10},"end":{"line":240,"column":null}},"91":{"start":{"line":239,"column":12},"end":{"line":239,"column":null}},"92":{"start":{"line":241,"column":10},"end":{"line":241,"column":null}},"93":{"start":{"line":243,"column":10},"end":{"line":261,"column":null}},"94":{"start":{"line":244,"column":12},"end":{"line":244,"column":null}},"95":{"start":{"line":245,"column":12},"end":{"line":247,"column":null}},"96":{"start":{"line":246,"column":14},"end":{"line":246,"column":null}},"97":{"start":{"line":248,"column":12},"end":{"line":248,"column":null}},"98":{"start":{"line":250,"column":12},"end":{"line":250,"column":null}},"99":{"start":{"line":251,"column":12},"end":{"line":260,"column":null}},"100":{"start":{"line":252,"column":14},"end":{"line":252,"column":null}},"101":{"start":{"line":253,"column":14},"end":{"line":259,"column":null}},"102":{"start":{"line":254,"column":16},"end":{"line":254,"column":null}},"103":{"start":{"line":255,"column":16},"end":{"line":255,"column":null}},"104":{"start":{"line":257,"column":16},"end":{"line":257,"column":null}},"105":{"start":{"line":258,"column":16},"end":{"line":258,"column":null}},"106":{"start":{"line":263,"column":10},"end":{"line":263,"column":null}},"107":{"start":{"line":264,"column":10},"end":{"line":264,"column":null}},"108":{"start":{"line":265,"column":10},"end":{"line":265,"column":null}},"109":{"start":{"line":266,"column":10},"end":{"line":266,"column":null}},"110":{"start":{"line":267,"column":10},"end":{"line":267,"column":null}},"111":{"start":{"line":269,"column":10},"end":{"line":272,"column":null}},"112":{"start":{"line":276,"column":4},"end":{"line":276,"column":null}},"113":{"start":{"line":280,"column":27},"end":{"line":352,"column":null}},"114":{"start":{"line":282,"column":10},"end":{"line":282,"column":38}},"115":{"start":{"line":283,"column":10},"end":{"line":283,"column":14}},"116":{"start":{"line":288,"column":4},"end":{"line":291,"column":null}},"117":{"start":{"line":289,"column":6},"end":{"line":289,"column":null}},"118":{"start":{"line":290,"column":6},"end":{"line":290,"column":null}},"119":{"start":{"line":292,"column":4},"end":{"line":292,"column":null}},"120":{"start":{"line":296,"column":10},"end":{"line":296,"column":38}},"121":{"start":{"line":297,"column":10},"end":{"line":297,"column":12}},"122":{"start":{"line":302,"column":4},"end":{"line":304,"column":null}},"123":{"start":{"line":303,"column":6},"end":{"line":303,"column":null}},"124":{"start":{"line":305,"column":4},"end":{"line":305,"column":null}},"125":{"start":{"line":309,"column":4},"end":{"line":311,"column":null}},"126":{"start":{"line":310,"column":6},"end":{"line":310,"column":null}},"127":{"start":{"line":312,"column":4},"end":{"line":312,"column":null}},"128":{"start":{"line":316,"column":4},"end":{"line":318,"column":null}},"129":{"start":{"line":317,"column":6},"end":{"line":317,"column":null}},"130":{"start":{"line":319,"column":4},"end":{"line":319,"column":null}},"131":{"start":{"line":323,"column":4},"end":{"line":325,"column":null}},"132":{"start":{"line":324,"column":6},"end":{"line":324,"column":null}},"133":{"start":{"line":326,"column":4},"end":{"line":328,"column":null}},"134":{"start":{"line":332,"column":10},"end":{"line":332,"column":49}},"135":{"start":{"line":333,"column":10},"end":{"line":333,"column":12}},"136":{"start":{"line":338,"column":4},"end":{"line":340,"column":null}},"137":{"start":{"line":339,"column":6},"end":{"line":339,"column":null}},"138":{"start":{"line":341,"column":4},"end":{"line":343,"column":null}},"139":{"start":{"line":347,"column":4},"end":{"line":349,"column":null}},"140":{"start":{"line":348,"column":6},"end":{"line":348,"column":null}},"141":{"start":{"line":350,"column":4},"end":{"line":350,"column":null}}},"fnMap":{"0":{"name":"(anonymous_0)","decl":{"start":{"line":28,"column":13},"end":{"line":28,"column":14}},"loc":{"start":{"line":28,"column":19},"end":{"line":31,"column":3}},"line":28},"1":{"name":"(anonymous_1)","decl":{"start":{"line":32,"column":15},"end":{"line":32,"column":16}},"loc":{"start":{"line":32,"column":23},"end":{"line":35,"column":3}},"line":32},"2":{"name":"(anonymous_2)","decl":{"start":{"line":36,"column":18},"end":{"line":36,"column":19}},"loc":{"start":{"line":36,"column":25},"end":{"line":45,"column":3}},"line":36},"3":{"name":"(anonymous_3)","decl":{"start":{"line":46,"column":9},"end":{"line":46,"column":10}},"loc":{"start":{"line":46,"column":15},"end":{"line":46,"column":17}},"line":46},"4":{"name":"(anonymous_4)","decl":{"start":{"line":47,"column":17},"end":{"line":47,"column":18}},"loc":{"start":{"line":47,"column":23},"end":{"line":47,"column":null}},"line":47},"5":{"name":"createApiCall","decl":{"start":{"line":53,"column":9},"end":{"line":53,"column":22}},"loc":{"start":{"line":53,"column":61},"end":{"line":72,"column":null}},"line":53},"6":{"name":"(anonymous_6)","decl":{"start":{"line":54,"column":9},"end":{"line":54,"column":14}},"loc":{"start":{"line":54,"column":28},"end":{"line":71,"column":null}},"line":54},"7":{"name":"(anonymous_7)","decl":{"start":{"line":76,"column":4},"end":{"line":76,"column":5}},"loc":{"start":{"line":76,"column":16},"end":{"line":76,"column":50}},"line":76},"8":{"name":"(anonymous_8)","decl":{"start":{"line":82,"column":4},"end":{"line":82,"column":5}},"loc":{"start":{"line":82,"column":12},"end":{"line":82,"column":40}},"line":82},"9":{"name":"(anonymous_9)","decl":{"start":{"line":87,"column":10},"end":{"line":87,"column":11}},"loc":{"start":{"line":87,"column":36},"end":{"line":107,"column":3}},"line":87},"10":{"name":"(anonymous_10)","decl":{"start":{"line":90,"column":25},"end":{"line":90,"column":32}},"loc":{"start":{"line":90,"column":36},"end":{"line":100,"column":7}},"line":90},"11":{"name":"(anonymous_11)","decl":{"start":{"line":92,"column":37},"end":{"line":92,"column":38}},"loc":{"start":{"line":92,"column":43},"end":{"line":99,"column":9}},"line":92},"12":{"name":"(anonymous_12)","decl":{"start":{"line":105,"column":24},"end":{"line":105,"column":25}},"loc":{"start":{"line":105,"column":31},"end":{"line":105,"column":null}},"line":105},"13":{"name":"(anonymous_13)","decl":{"start":{"line":109,"column":10},"end":{"line":109,"column":11}},"loc":{"start":{"line":109,"column":18},"end":{"line":115,"column":3}},"line":109},"14":{"name":"(anonymous_14)","decl":{"start":{"line":117,"column":14},"end":{"line":117,"column":15}},"loc":{"start":{"line":117,"column":28},"end":{"line":123,"column":3}},"line":117},"15":{"name":"(anonymous_15)","decl":{"start":{"line":126,"column":4},"end":{"line":126,"column":5}},"loc":{"start":{"line":126,"column":12},"end":{"line":126,"column":49}},"line":126},"16":{"name":"(anonymous_16)","decl":{"start":{"line":127,"column":4},"end":{"line":127,"column":5}},"loc":{"start":{"line":127,"column":11},"end":{"line":127,"column":56}},"line":127},"17":{"name":"(anonymous_17)","decl":{"start":{"line":131,"column":17},"end":{"line":131,"column":18}},"loc":{"start":{"line":131,"column":25},"end":{"line":137,"column":3}},"line":131},"18":{"name":"(anonymous_18)","decl":{"start":{"line":140,"column":4},"end":{"line":140,"column":5}},"loc":{"start":{"line":140,"column":12},"end":{"line":140,"column":51}},"line":140},"19":{"name":"(anonymous_19)","decl":{"start":{"line":141,"column":4},"end":{"line":141,"column":5}},"loc":{"start":{"line":141,"column":11},"end":{"line":141,"column":37}},"line":141},"20":{"name":"(anonymous_20)","decl":{"start":{"line":145,"column":18},"end":{"line":145,"column":19}},"loc":{"start":{"line":145,"column":32},"end":{"line":151,"column":3}},"line":145},"21":{"name":"(anonymous_21)","decl":{"start":{"line":153,"column":16},"end":{"line":153,"column":17}},"loc":{"start":{"line":153,"column":32},"end":{"line":162,"column":null}},"line":153},"22":{"name":"(anonymous_22)","decl":{"start":{"line":167,"column":4},"end":{"line":167,"column":5}},"loc":{"start":{"line":167,"column":10},"end":{"line":167,"column":41}},"line":167},"23":{"name":"(anonymous_23)","decl":{"start":{"line":173,"column":4},"end":{"line":173,"column":5}},"loc":{"start":{"line":173,"column":10},"end":{"line":173,"column":41}},"line":173},"24":{"name":"(anonymous_24)","decl":{"start":{"line":179,"column":4},"end":{"line":179,"column":5}},"loc":{"start":{"line":179,"column":10},"end":{"line":179,"column":49}},"line":179},"25":{"name":"(anonymous_25)","decl":{"start":{"line":186,"column":8},"end":{"line":186,"column":9}},"loc":{"start":{"line":186,"column":18},"end":{"line":196,"column":3}},"line":186},"26":{"name":"(anonymous_26)","decl":{"start":{"line":189,"column":25},"end":{"line":189,"column":32}},"loc":{"start":{"line":189,"column":36},"end":{"line":193,"column":7}},"line":189},"27":{"name":"(anonymous_27)","decl":{"start":{"line":190,"column":19},"end":{"line":190,"column":20}},"loc":{"start":{"line":190,"column":25},"end":{"line":192,"column":9}},"line":190},"28":{"name":"(anonymous_28)","decl":{"start":{"line":198,"column":18},"end":{"line":198,"column":19}},"loc":{"start":{"line":198,"column":37},"end":{"line":203,"column":3}},"line":198},"29":{"name":"(anonymous_29)","decl":{"start":{"line":206,"column":4},"end":{"line":206,"column":5}},"loc":{"start":{"line":206,"column":10},"end":{"line":206,"column":36}},"line":206},"30":{"name":"(anonymous_30)","decl":{"start":{"line":207,"column":4},"end":{"line":207,"column":5}},"loc":{"start":{"line":207,"column":10},"end":{"line":207,"column":12}},"line":207},"31":{"name":"(anonymous_31)","decl":{"start":{"line":211,"column":16},"end":{"line":211,"column":17}},"loc":{"start":{"line":211,"column":22},"end":{"line":216,"column":3}},"line":211},"32":{"name":"(anonymous_32)","decl":{"start":{"line":224,"column":27},"end":{"line":224,"column":28}},"loc":{"start":{"line":224,"column":54},"end":{"line":277,"column":null}},"line":224},"33":{"name":"(anonymous_33)","decl":{"start":{"line":227,"column":25},"end":{"line":227,"column":32}},"loc":{"start":{"line":227,"column":36},"end":{"line":274,"column":7}},"line":227},"34":{"name":"(anonymous_34)","decl":{"start":{"line":228,"column":19},"end":{"line":228,"column":20}},"loc":{"start":{"line":228,"column":25},"end":{"line":273,"column":9}},"line":228},"35":{"name":"(anonymous_35)","decl":{"start":{"line":230,"column":54},"end":{"line":230,"column":55}},"loc":{"start":{"line":230,"column":59},"end":{"line":230,"column":66}},"line":230},"36":{"name":"(anonymous_36)","decl":{"start":{"line":231,"column":50},"end":{"line":231,"column":51}},"loc":{"start":{"line":231,"column":55},"end":{"line":231,"column":61}},"line":231},"37":{"name":"(anonymous_37)","decl":{"start":{"line":238,"column":25},"end":{"line":238,"column":29}},"loc":{"start":{"line":238,"column":33},"end":{"line":240,"column":11}},"line":238},"38":{"name":"(anonymous_38)","decl":{"start":{"line":245,"column":31},"end":{"line":245,"column":35}},"loc":{"start":{"line":245,"column":39},"end":{"line":247,"column":13}},"line":245},"39":{"name":"(anonymous_39)","decl":{"start":{"line":251,"column":31},"end":{"line":251,"column":32}},"loc":{"start":{"line":251,"column":46},"end":{"line":260,"column":13}},"line":251},"40":{"name":"(anonymous_40)","decl":{"start":{"line":282,"column":4},"end":{"line":282,"column":5}},"loc":{"start":{"line":282,"column":10},"end":{"line":282,"column":38}},"line":282},"41":{"name":"(anonymous_41)","decl":{"start":{"line":283,"column":4},"end":{"line":283,"column":5}},"loc":{"start":{"line":283,"column":10},"end":{"line":283,"column":14}},"line":283},"42":{"name":"(anonymous_42)","decl":{"start":{"line":287,"column":17},"end":{"line":287,"column":18}},"loc":{"start":{"line":287,"column":27},"end":{"line":293,"column":3}},"line":287},"43":{"name":"(anonymous_43)","decl":{"start":{"line":296,"column":4},"end":{"line":296,"column":5}},"loc":{"start":{"line":296,"column":10},"end":{"line":296,"column":38}},"line":296},"44":{"name":"(anonymous_44)","decl":{"start":{"line":297,"column":4},"end":{"line":297,"column":5}},"loc":{"start":{"line":297,"column":10},"end":{"line":297,"column":12}},"line":297},"45":{"name":"(anonymous_45)","decl":{"start":{"line":301,"column":13},"end":{"line":301,"column":14}},"loc":{"start":{"line":301,"column":23},"end":{"line":306,"column":3}},"line":301},"46":{"name":"(anonymous_46)","decl":{"start":{"line":308,"column":13},"end":{"line":308,"column":14}},"loc":{"start":{"line":308,"column":27},"end":{"line":313,"column":3}},"line":308},"47":{"name":"(anonymous_47)","decl":{"start":{"line":315,"column":13},"end":{"line":315,"column":14}},"loc":{"start":{"line":315,"column":21},"end":{"line":320,"column":3}},"line":315},"48":{"name":"(anonymous_48)","decl":{"start":{"line":322,"column":13},"end":{"line":322,"column":14}},"loc":{"start":{"line":322,"column":27},"end":{"line":329,"column":3}},"line":322},"49":{"name":"(anonymous_49)","decl":{"start":{"line":332,"column":4},"end":{"line":332,"column":5}},"loc":{"start":{"line":332,"column":10},"end":{"line":332,"column":49}},"line":332},"50":{"name":"(anonymous_50)","decl":{"start":{"line":333,"column":4},"end":{"line":333,"column":5}},"loc":{"start":{"line":333,"column":10},"end":{"line":333,"column":12}},"line":333},"51":{"name":"(anonymous_51)","decl":{"start":{"line":337,"column":19},"end":{"line":337,"column":20}},"loc":{"start":{"line":337,"column":33},"end":{"line":344,"column":3}},"line":337},"52":{"name":"(anonymous_52)","decl":{"start":{"line":346,"column":19},"end":{"line":346,"column":20}},"loc":{"start":{"line":346,"column":27},"end":{"line":351,"column":null}},"line":346}},"branchMap":{"0":{"loc":{"start":{"line":53,"column":47},"end":{"line":53,"column":59}},"type":"default-arg","locations":[{"start":{"line":53,"column":57},"end":{"line":53,"column":59}}],"line":53},"1":{"loc":{"start":{"line":55,"column":4},"end":{"line":57,"column":null}},"type":"if","locations":[{"start":{"line":55,"column":4},"end":{"line":57,"column":null}},{"start":{},"end":{}}],"line":55},"2":{"loc":{"start":{"line":60,"column":21},"end":{"line":62,"column":null}},"type":"cond-expr","locations":[{"start":{"line":61,"column":10},"end":{"line":61,"column":null}},{"start":{"line":62,"column":10},"end":{"line":62,"column":null}}],"line":60},"3":{"loc":{"start":{"line":66,"column":6},"end":{"line":68,"column":null}},"type":"if","locations":[{"start":{"line":66,"column":6},"end":{"line":68,"column":null}},{"start":{},"end":{}}],"line":66},"4":{"loc":{"start":{"line":88,"column":4},"end":{"line":101,"column":null}},"type":"if","locations":[{"start":{"line":88,"column":4},"end":{"line":101,"column":null}},{"start":{},"end":{}}],"line":88},"5":{"loc":{"start":{"line":95,"column":10},"end":{"line":98,"column":null}},"type":"if","locations":[{"start":{"line":95,"column":10},"end":{"line":98,"column":null}},{"start":{},"end":{}}],"line":95},"6":{"loc":{"start":{"line":110,"column":4},"end":{"line":113,"column":null}},"type":"if","locations":[{"start":{"line":110,"column":4},"end":{"line":113,"column":null}},{"start":{},"end":{}}],"line":110},"7":{"loc":{"start":{"line":118,"column":4},"end":{"line":121,"column":null}},"type":"if","locations":[{"start":{"line":118,"column":4},"end":{"line":121,"column":null}},{"start":{},"end":{}}],"line":118},"8":{"loc":{"start":{"line":132,"column":4},"end":{"line":135,"column":null}},"type":"if","locations":[{"start":{"line":132,"column":4},"end":{"line":135,"column":null}},{"start":{},"end":{}}],"line":132},"9":{"loc":{"start":{"line":146,"column":4},"end":{"line":149,"column":null}},"type":"if","locations":[{"start":{"line":146,"column":4},"end":{"line":149,"column":null}},{"start":{},"end":{}}],"line":146},"10":{"loc":{"start":{"line":154,"column":4},"end":{"line":157,"column":null}},"type":"if","locations":[{"start":{"line":154,"column":4},"end":{"line":157,"column":null}},{"start":{},"end":{}}],"line":154},"11":{"loc":{"start":{"line":187,"column":4},"end":{"line":194,"column":null}},"type":"if","locations":[{"start":{"line":187,"column":4},"end":{"line":194,"column":null}},{"start":{},"end":{}}],"line":187},"12":{"loc":{"start":{"line":199,"column":4},"end":{"line":201,"column":null}},"type":"if","locations":[{"start":{"line":199,"column":4},"end":{"line":201,"column":null}},{"start":{},"end":{}}],"line":199},"13":{"loc":{"start":{"line":212,"column":4},"end":{"line":214,"column":null}},"type":"if","locations":[{"start":{"line":212,"column":4},"end":{"line":214,"column":null}},{"start":{},"end":{}}],"line":212},"14":{"loc":{"start":{"line":225,"column":4},"end":{"line":275,"column":null}},"type":"if","locations":[{"start":{"line":225,"column":4},"end":{"line":275,"column":null}},{"start":{},"end":{}}],"line":225},"15":{"loc":{"start":{"line":229,"column":18},"end":{"line":229,"column":40}},"type":"default-arg","locations":[{"start":{"line":229,"column":38},"end":{"line":229,"column":40}}],"line":229},"16":{"loc":{"start":{"line":229,"column":42},"end":{"line":229,"column":54}},"type":"default-arg","locations":[{"start":{"line":229,"column":52},"end":{"line":229,"column":54}}],"line":229},"17":{"loc":{"start":{"line":229,"column":56},"end":{"line":229,"column":72}},"type":"default-arg","locations":[{"start":{"line":229,"column":68},"end":{"line":229,"column":72}}],"line":229},"18":{"loc":{"start":{"line":243,"column":10},"end":{"line":261,"column":null}},"type":"if","locations":[{"start":{"line":243,"column":10},"end":{"line":261,"column":null}},{"start":{},"end":{}}],"line":243},"19":{"loc":{"start":{"line":253,"column":14},"end":{"line":259,"column":null}},"type":"if","locations":[{"start":{"line":253,"column":14},"end":{"line":259,"column":null}},{"start":{"line":256,"column":21},"end":{"line":259,"column":null}}],"line":253},"20":{"loc":{"start":{"line":288,"column":4},"end":{"line":291,"column":null}},"type":"if","locations":[{"start":{"line":288,"column":4},"end":{"line":291,"column":null}},{"start":{},"end":{}}],"line":288},"21":{"loc":{"start":{"line":302,"column":4},"end":{"line":304,"column":null}},"type":"if","locations":[{"start":{"line":302,"column":4},"end":{"line":304,"column":null}},{"start":{},"end":{}}],"line":302},"22":{"loc":{"start":{"line":309,"column":4},"end":{"line":311,"column":null}},"type":"if","locations":[{"start":{"line":309,"column":4},"end":{"line":311,"column":null}},{"start":{},"end":{}}],"line":309},"23":{"loc":{"start":{"line":316,"column":4},"end":{"line":318,"column":null}},"type":"if","locations":[{"start":{"line":316,"column":4},"end":{"line":318,"column":null}},{"start":{},"end":{}}],"line":316},"24":{"loc":{"start":{"line":323,"column":4},"end":{"line":325,"column":null}},"type":"if","locations":[{"start":{"line":323,"column":4},"end":{"line":325,"column":null}},{"start":{},"end":{}}],"line":323},"25":{"loc":{"start":{"line":338,"column":4},"end":{"line":340,"column":null}},"type":"if","locations":[{"start":{"line":338,"column":4},"end":{"line":340,"column":null}},{"start":{},"end":{}}],"line":338},"26":{"loc":{"start":{"line":347,"column":4},"end":{"line":349,"column":null}},"type":"if","locations":[{"start":{"line":347,"column":4},"end":{"line":349,"column":null}},{"start":{},"end":{}}],"line":347}},"s":{"0":1,"1":1,"2":1,"3":1,"4":1,"5":1,"6":1,"7":1,"8":1,"9":11,"10":18,"11":9,"12":9,"13":9,"14":7,"15":0,"16":0,"17":0,"18":0,"19":1,"20":1,"21":1,"22":2,"23":1,"24":1,"25":1,"26":1,"27":10,"28":10,"29":10,"30":1,"31":1,"32":1,"33":0,"34":2,"35":1,"36":1,"37":1,"38":2,"39":1,"40":1,"41":1,"42":0,"43":0,"44":2,"45":1,"46":1,"47":1,"48":0,"49":0,"50":2,"51":1,"52":1,"53":1,"54":0,"55":0,"56":0,"57":0,"58":1,"59":1,"60":1,"61":1,"62":1,"63":3,"64":2,"65":2,"66":2,"67":2,"68":1,"69":2,"70":1,"71":1,"72":1,"73":1,"74":2,"75":1,"76":1,"77":0,"78":0,"79":0,"80":0,"81":0,"82":0,"83":0,"84":0,"85":0,"86":0,"87":0,"88":0,"89":0,"90":0,"91":0,"92":0,"93":0,"94":0,"95":0,"96":0,"97":0,"98":0,"99":0,"100":0,"101":0,"102":0,"103":0,"104":0,"105":0,"106":0,"107":0,"108":0,"109":0,"110":0,"111":0,"112":0,"113":1,"114":1,"115":1,"116":2,"117":1,"118":1,"119":1,"120":1,"121":1,"122":2,"123":1,"124":1,"125":1,"126":1,"127":0,"128":2,"129":1,"130":1,"131":0,"132":0,"133":0,"134":1,"135":1,"136":1,"137":1,"138":0,"139":2,"140":1,"141":1},"f":{"0":1,"1":1,"2":1,"3":1,"4":1,"5":11,"6":18,"7":1,"8":1,"9":2,"10":1,"11":10,"12":0,"13":2,"14":2,"15":0,"16":0,"17":2,"18":0,"19":0,"20":2,"21":0,"22":1,"23":1,"24":1,"25":3,"26":2,"27":2,"28":2,"29":1,"30":1,"31":2,"32":0,"33":0,"34":0,"35":0,"36":0,"37":0,"38":0,"39":0,"40":1,"41":1,"42":2,"43":1,"44":1,"45":2,"46":1,"47":2,"48":0,"49":1,"50":1,"51":1,"52":2},"b":{"0":[11],"1":[9,9],"2":[2,7],"3":[0,0],"4":[1,1],"5":[1,9],"6":[1,1],"7":[1,1],"8":[1,1],"9":[1,1],"10":[0,0],"11":[2,1],"12":[1,1],"13":[1,1],"14":[0,0],"15":[0],"16":[0],"17":[0],"18":[0,0],"19":[0,0],"20":[1,1],"21":[1,1],"22":[1,0],"23":[1,1],"24":[0,0],"25":[1,0],"26":[1,1]},"meta":{"lastBranch":27,"lastFunction":53,"lastStatement":142,"seen":{"s:20:11:20:Infinity":0,"s:27:23:48:Infinity":1,"f:28:13:28:14":0,"s:29:4:29:Infinity":2,"s:30:4:30:30":3,"f:32:15:32:16":1,"s:33:4:33:Infinity":4,"s:34:4:34:Infinity":5,"f:36:18:36:19":2,"s:36:25:45:3":6,"f:46:9:46:10":3,"s:46:15:46:17":7,"f:47:17:47:18":4,"s:47:23:47:Infinity":8,"f:53:9:53:22":5,"b:53:57:53:59":0,"s:54:2:71:Infinity":9,"f:54:9:54:14":6,"b:55:4:57:Infinity:undefined:undefined:undefined:undefined":1,"s:55:4:57:Infinity":10,"s:56:6:56:Infinity":11,"s:59:4:70:Infinity":12,"s:60:21:62:Infinity":13,"b:61:10:61:Infinity:62:10:62:Infinity":2,"s:63:6:63:Infinity":14,"s:65:6:65:Infinity":15,"b:66:6:68:Infinity:undefined:undefined:undefined:undefined":3,"s:66:6:68:Infinity":16,"s:67:8:67:Infinity":17,"s:69:6:69:Infinity":18,"s:74:24:163:Infinity":19,"f:76:4:76:5":7,"s:76:16:76:50":20,"f:82:4:82:5":8,"s:82:12:82:40":21,"f:87:10:87:11":9,"b:88:4:101:Infinity:undefined:undefined:undefined:undefined":4,"s:88:4:101:Infinity":22,"s:89:6:89:Infinity":23,"s:90:6:100:Infinity":24,"f:90:25:90:32":10,"s:91:23:91:Infinity":25,"s:92:25:99:Infinity":26,"f:92:37:92:38":11,"s:93:10:93:Infinity":27,"s:94:10:94:Infinity":28,"b:95:10:98:Infinity:undefined:undefined:undefined:undefined":5,"s:95:10:98:Infinity":29,"s:96:12:96:Infinity":30,"s:97:12:97:Infinity":31,"s:102:4:106:Infinity":32,"f:105:24:105:25":12,"s:105:31:105:Infinity":33,"f:109:10:109:11":13,"b:110:4:113:Infinity:undefined:undefined:undefined:undefined":6,"s:110:4:113:Infinity":34,"s:111:6:111:Infinity":35,"s:112:6:112:Infinity":36,"s:114:4:114:Infinity":37,"f:117:14:117:15":14,"b:118:4:121:Infinity:undefined:undefined:undefined:undefined":7,"s:118:4:121:Infinity":38,"s:119:6:119:Infinity":39,"s:120:6:120:Infinity":40,"s:122:4:122:Infinity":41,"f:126:4:126:5":15,"s:126:12:126:49":42,"f:127:4:127:5":16,"s:127:11:127:56":43,"f:131:17:131:18":17,"b:132:4:135:Infinity:undefined:undefined:undefined:undefined":8,"s:132:4:135:Infinity":44,"s:133:6:133:Infinity":45,"s:134:6:134:Infinity":46,"s:136:4:136:Infinity":47,"f:140:4:140:5":18,"s:140:12:140:51":48,"f:141:4:141:5":19,"s:141:11:141:37":49,"f:145:18:145:19":20,"b:146:4:149:Infinity:undefined:undefined:undefined:undefined":9,"s:146:4:149:Infinity":50,"s:147:6:147:Infinity":51,"s:148:6:148:Infinity":52,"s:150:4:150:Infinity":53,"f:153:16:153:17":21,"b:154:4:157:Infinity:undefined:undefined:undefined:undefined":10,"s:154:4:157:Infinity":54,"s:155:6:155:Infinity":55,"s:156:6:156:Infinity":56,"s:158:4:161:Infinity":57,"s:165:28:183:Infinity":58,"f:167:4:167:5":22,"s:167:10:167:41":59,"f:173:4:173:5":23,"s:173:10:173:41":60,"f:179:4:179:5":24,"s:179:10:179:49":61,"s:185:21:278:Infinity":62,"f:186:8:186:9":25,"b:187:4:194:Infinity:undefined:undefined:undefined:undefined":11,"s:187:4:194:Infinity":63,"s:188:6:188:Infinity":64,"s:189:6:193:Infinity":65,"f:189:25:189:32":26,"s:190:8:192:Infinity":66,"f:190:19:190:20":27,"s:191:10:191:Infinity":67,"s:195:4:195:Infinity":68,"f:198:18:198:19":28,"b:199:4:201:Infinity:undefined:undefined:undefined:undefined":12,"s:199:4:201:Infinity":69,"s:200:6:200:Infinity":70,"s:202:4:202:Infinity":71,"f:206:4:206:5":29,"s:206:10:206:36":72,"f:207:4:207:5":30,"s:207:10:207:12":73,"f:211:16:211:17":31,"b:212:4:214:Infinity:undefined:undefined:undefined:undefined":13,"s:212:4:214:Infinity":74,"s:213:6:213:Infinity":75,"s:215:4:215:Infinity":76,"f:224:27:224:28":32,"b:225:4:275:Infinity:undefined:undefined:undefined:undefined":14,"s:225:4:275:Infinity":77,"s:226:6:226:Infinity":78,"s:227:6:274:Infinity":79,"f:227:25:227:32":33,"s:228:8:273:Infinity":80,"f:228:19:228:20":34,"s:229:77:229:Infinity":81,"b:229:38:229:40":15,"b:229:52:229:54":16,"b:229:68:229:72":17,"s:230:29:230:Infinity":82,"f:230:54:230:55":35,"s:230:59:230:66":83,"s:231:25:231:Infinity":84,"f:231:50:231:51":36,"s:231:55:231:61":85,"s:233:27:233:Infinity":86,"s:234:10:234:Infinity":87,"s:235:10:235:Infinity":88,"s:237:10:237:Infinity":89,"s:238:10:240:Infinity":90,"f:238:25:238:29":37,"s:239:12:239:Infinity":91,"s:241:10:241:Infinity":92,"b:243:10:261:Infinity:undefined:undefined:undefined:undefined":18,"s:243:10:261:Infinity":93,"s:244:12:244:Infinity":94,"s:245:12:247:Infinity":95,"f:245:31:245:35":38,"s:246:14:246:Infinity":96,"s:248:12:248:Infinity":97,"s:250:12:250:Infinity":98,"s:251:12:260:Infinity":99,"f:251:31:251:32":39,"s:252:14:252:Infinity":100,"b:253:14:259:Infinity:256:21:259:Infinity":19,"s:253:14:259:Infinity":101,"s:254:16:254:Infinity":102,"s:255:16:255:Infinity":103,"s:257:16:257:Infinity":104,"s:258:16:258:Infinity":105,"s:263:10:263:Infinity":106,"s:264:10:264:Infinity":107,"s:265:10:265:Infinity":108,"s:266:10:266:Infinity":109,"s:267:10:267:Infinity":110,"s:269:10:272:Infinity":111,"s:276:4:276:Infinity":112,"s:280:27:352:Infinity":113,"f:282:4:282:5":40,"s:282:10:282:38":114,"f:283:4:283:5":41,"s:283:10:283:14":115,"f:287:17:287:18":42,"b:288:4:291:Infinity:undefined:undefined:undefined:undefined":20,"s:288:4:291:Infinity":116,"s:289:6:289:Infinity":117,"s:290:6:290:Infinity":118,"s:292:4:292:Infinity":119,"f:296:4:296:5":43,"s:296:10:296:38":120,"f:297:4:297:5":44,"s:297:10:297:12":121,"f:301:13:301:14":45,"b:302:4:304:Infinity:undefined:undefined:undefined:undefined":21,"s:302:4:304:Infinity":122,"s:303:6:303:Infinity":123,"s:305:4:305:Infinity":124,"f:308:13:308:14":46,"b:309:4:311:Infinity:undefined:undefined:undefined:undefined":22,"s:309:4:311:Infinity":125,"s:310:6:310:Infinity":126,"s:312:4:312:Infinity":127,"f:315:13:315:14":47,"b:316:4:318:Infinity:undefined:undefined:undefined:undefined":23,"s:316:4:318:Infinity":128,"s:317:6:317:Infinity":129,"s:319:4:319:Infinity":130,"f:322:13:322:14":48,"b:323:4:325:Infinity:undefined:undefined:undefined:undefined":24,"s:323:4:325:Infinity":131,"s:324:6:324:Infinity":132,"s:326:4:328:Infinity":133,"f:332:4:332:5":49,"s:332:10:332:49":134,"f:333:4:333:5":50,"s:333:10:333:12":135,"f:337:19:337:20":51,"b:338:4:340:Infinity:undefined:undefined:undefined:undefined":25,"s:338:4:340:Infinity":136,"s:339:6:339:Infinity":137,"s:341:4:343:Infinity":138,"f:346:19:346:20":52,"b:347:4:349:Infinity:undefined:undefined:undefined:undefined":26,"s:347:4:349:Infinity":139,"s:348:6:348:Infinity":140,"s:350:4:350:Infinity":141}}}
,"/Users/huangding/Documents/web-ai/3022/frontend-admin/src/components/AIBot.vue": {"path":"/Users/huangding/Documents/web-ai/3022/frontend-admin/src/components/AIBot.vue","statementMap":{"0":{"start":{"line":104,"column":14},"end":{"line":104,"column":null}},"1":{"start":{"line":105,"column":13},"end":{"line":105,"column":null}},"2":{"start":{"line":106,"column":15},"end":{"line":106,"column":null}},"3":{"start":{"line":107,"column":18},"end":{"line":107,"column":null}},"4":{"start":{"line":109,"column":19},"end":{"line":109,"column":null}},"5":{"start":{"line":110,"column":17},"end":{"line":110,"column":null}},"6":{"start":{"line":111,"column":18},"end":{"line":111,"column":null}},"7":{"start":{"line":112,"column":25},"end":{"line":112,"column":null}},"8":{"start":{"line":113,"column":23},"end":{"line":113,"column":null}},"9":{"start":{"line":116,"column":23},"end":{"line":119,"column":null}},"10":{"start":{"line":117,"column":19},"end":{"line":117,"column":null}},"11":{"start":{"line":117,"column":47},"end":{"line":117,"column":62}},"12":{"start":{"line":118,"column":2},"end":{"line":118,"column":null}},"13":{"start":{"line":121,"column":16},"end":{"line":126,"column":null}},"14":{"start":{"line":121,"column":32},"end":{"line":126,"column":1}},"15":{"start":{"line":128,"column":16},"end":{"line":131,"column":null}},"16":{"start":{"line":128,"column":33},"end":{"line":131,"column":1}},"17":{"start":{"line":134,"column":0},"end":{"line":163,"column":null}},"18":{"start":{"line":135,"column":2},"end":{"line":135,"column":null}},"19":{"start":{"line":136,"column":2},"end":{"line":157,"column":null}},"20":{"start":{"line":137,"column":4},"end":{"line":156,"column":null}},"21":{"start":{"line":140,"column":8},"end":{"line":140,"column":null}},"22":{"start":{"line":141,"column":8},"end":{"line":141,"column":null}},"23":{"start":{"line":144,"column":8},"end":{"line":144,"column":null}},"24":{"start":{"line":147,"column":8},"end":{"line":147,"column":null}},"25":{"start":{"line":148,"column":8},"end":{"line":150,"column":null}},"26":{"start":{"line":149,"column":10},"end":{"line":149,"column":null}},"27":{"start":{"line":153,"column":8},"end":{"line":153,"column":null}},"28":{"start":{"line":154,"column":8},"end":{"line":154,"column":null}},"29":{"start":{"line":160,"column":2},"end":{"line":162,"column":null}},"30":{"start":{"line":161,"column":4},"end":{"line":161,"column":null}},"31":{"start":{"line":165,"column":0},"end":{"line":174,"column":null}},"32":{"start":{"line":167,"column":2},"end":{"line":169,"column":null}},"33":{"start":{"line":168,"column":4},"end":{"line":168,"column":null}},"34":{"start":{"line":171,"column":2},"end":{"line":173,"column":null}},"35":{"start":{"line":172,"column":4},"end":{"line":172,"column":null}},"36":{"start":{"line":177,"column":2},"end":{"line":177,"column":null}},"37":{"start":{"line":178,"column":17},"end":{"line":178,"column":null}},"38":{"start":{"line":179,"column":17},"end":{"line":179,"column":null}},"39":{"start":{"line":180,"column":20},"end":{"line":180,"column":null}},"40":{"start":{"line":181,"column":20},"end":{"line":181,"column":null}},"41":{"start":{"line":183,"column":17},"end":{"line":189,"column":null}},"42":{"start":{"line":184,"column":15},"end":{"line":184,"column":null}},"43":{"start":{"line":185,"column":15},"end":{"line":185,"column":null}},"44":{"start":{"line":186,"column":4},"end":{"line":186,"column":null}},"45":{"start":{"line":186,"column":46},"end":{"line":186,"column":null}},"46":{"start":{"line":187,"column":4},"end":{"line":187,"column":null}},"47":{"start":{"line":188,"column":4},"end":{"line":188,"column":null}},"48":{"start":{"line":190,"column":15},"end":{"line":193,"column":null}},"49":{"start":{"line":191,"column":4},"end":{"line":191,"column":null}},"50":{"start":{"line":192,"column":4},"end":{"line":192,"column":null}},"51":{"start":{"line":194,"column":2},"end":{"line":194,"column":null}},"52":{"start":{"line":195,"column":2},"end":{"line":195,"column":null}},"53":{"start":{"line":200,"column":2},"end":{"line":200,"column":null}},"54":{"start":{"line":200,"column":30},"end":{"line":200,"column":null}},"55":{"start":{"line":201,"column":2},"end":{"line":201,"column":null}},"56":{"start":{"line":202,"column":16},"end":{"line":202,"column":null}},"57":{"start":{"line":203,"column":17},"end":{"line":203,"column":null}},"58":{"start":{"line":204,"column":17},"end":{"line":204,"column":null}},"59":{"start":{"line":205,"column":20},"end":{"line":205,"column":null}},"60":{"start":{"line":206,"column":20},"end":{"line":206,"column":null}},"61":{"start":{"line":208,"column":22},"end":{"line":216,"column":null}},"62":{"start":{"line":209,"column":4},"end":{"line":209,"column":null}},"63":{"start":{"line":209,"column":33},"end":{"line":209,"column":null}},"64":{"start":{"line":210,"column":14},"end":{"line":210,"column":null}},"65":{"start":{"line":211,"column":15},"end":{"line":211,"column":null}},"66":{"start":{"line":212,"column":15},"end":{"line":212,"column":null}},"67":{"start":{"line":213,"column":4},"end":{"line":213,"column":null}},"68":{"start":{"line":213,"column":46},"end":{"line":213,"column":null}},"69":{"start":{"line":214,"column":4},"end":{"line":214,"column":null}},"70":{"start":{"line":215,"column":4},"end":{"line":215,"column":null}},"71":{"start":{"line":217,"column":21},"end":{"line":221,"column":null}},"72":{"start":{"line":218,"column":4},"end":{"line":218,"column":null}},"73":{"start":{"line":219,"column":4},"end":{"line":219,"column":null}},"74":{"start":{"line":220,"column":4},"end":{"line":220,"column":null}},"75":{"start":{"line":222,"column":2},"end":{"line":222,"column":null}},"76":{"start":{"line":223,"column":2},"end":{"line":223,"column":null}},"77":{"start":{"line":224,"column":2},"end":{"line":224,"column":null}},"78":{"start":{"line":228,"column":2},"end":{"line":228,"column":null}},"79":{"start":{"line":228,"column":24},"end":{"line":228,"column":null}},"80":{"start":{"line":229,"column":2},"end":{"line":232,"column":null}},"81":{"start":{"line":230,"column":4},"end":{"line":230,"column":null}},"82":{"start":{"line":231,"column":4},"end":{"line":231,"column":null}},"83":{"start":{"line":233,"column":2},"end":{"line":233,"column":null}},"84":{"start":{"line":237,"column":2},"end":{"line":237,"column":null}},"85":{"start":{"line":238,"column":2},"end":{"line":238,"column":null}},"86":{"start":{"line":239,"column":1},"end":{"line":239,"column":null}},"87":{"start":{"line":239,"column":17},"end":{"line":239,"column":33}},"88":{"start":{"line":243,"column":2},"end":{"line":243,"column":null}},"89":{"start":{"line":244,"column":2},"end":{"line":246,"column":null}},"90":{"start":{"line":245,"column":4},"end":{"line":245,"column":null}},"91":{"start":{"line":250,"column":2},"end":{"line":250,"column":null}},"92":{"start":{"line":251,"column":2},"end":{"line":251,"column":null}},"93":{"start":{"line":255,"column":15},"end":{"line":255,"column":null}},"94":{"start":{"line":256,"column":2},"end":{"line":256,"column":null}},"95":{"start":{"line":256,"column":37},"end":{"line":256,"column":null}},"96":{"start":{"line":257,"column":2},"end":{"line":257,"column":null}},"97":{"start":{"line":260,"column":16},"end":{"line":260,"column":null}},"98":{"start":{"line":262,"column":2},"end":{"line":294,"column":null}},"99":{"start":{"line":263,"column":23},"end":{"line":263,"column":null}},"100":{"start":{"line":264,"column":20},"end":{"line":264,"column":null}},"101":{"start":{"line":267,"column":4},"end":{"line":267,"column":null}},"102":{"start":{"line":270,"column":4},"end":{"line":279,"column":null}},"103":{"start":{"line":271,"column":6},"end":{"line":278,"column":null}},"104":{"start":{"line":272,"column":8},"end":{"line":277,"column":null}},"105":{"start":{"line":282,"column":4},"end":{"line":290,"column":null}},"106":{"start":{"line":283,"column":6},"end":{"line":289,"column":null}},"107":{"start":{"line":284,"column":8},"end":{"line":288,"column":null}},"108":{"start":{"line":285,"column":10},"end":{"line":285,"column":null}},"109":{"start":{"line":287,"column":10},"end":{"line":287,"column":null}},"110":{"start":{"line":293,"column":4},"end":{"line":293,"column":null}},"111":{"start":{"line":298,"column":2},"end":{"line":301,"column":null}},"112":{"start":{"line":299,"column":4},"end":{"line":299,"column":null}},"113":{"start":{"line":300,"column":4},"end":{"line":300,"column":null}},"114":{"start":{"line":302,"column":2},"end":{"line":306,"column":null}},"115":{"start":{"line":303,"column":4},"end":{"line":303,"column":null}},"116":{"start":{"line":305,"column":4},"end":{"line":305,"column":null}},"117":{"start":{"line":310,"column":12},"end":{"line":310,"column":null}},"118":{"start":{"line":311,"column":2},"end":{"line":311,"column":null}},"119":{"start":{"line":315,"column":2},"end":{"line":317,"column":null}},"120":{"start":{"line":316,"column":4},"end":{"line":316,"column":null}},"121":{"start":{"line":320,"column":0},"end":{"line":320,"column":null}},"122":{"start":{"line":320,"column":12},"end":{"line":320,"column":35}},"123":{"start":{"line":320,"column":42},"end":{"line":320,"column":67}},"124":{"start":{"line":323,"column":27},"end":{"line":325,"column":null}},"125":{"start":{"line":324,"column":2},"end":{"line":324,"column":null}},"126":{"start":{"line":50,"column":13},"end":{"line":50,"column":null}},"127":{"start":{"line":52,"column":15},"end":{"line":52,"column":null}},"128":{"start":{"line":59,"column":17},"end":{"line":59,"column":52}},"129":{"start":{"line":60,"column":17},"end":{"line":60,"column":49}},"130":{"start":{"line":66,"column":13},"end":{"line":66,"column":null}},"131":{"start":{"line":2,"column":2},"end":{"line":88,"column":14}},"132":{"start":{"line":44,"column":12},"end":{"line":42,"column":47}},"133":{"start":{"line":32,"column":35},"end":{"line":32,"column":45}},"134":{"start":{"line":34,"column":8},"end":{"line":42,"column":47}},"135":{"start":{"line":39,"column":23},"end":{"line":39,"column":null}},"136":{"start":{"line":42,"column":47},"end":{"line":42,"column":47}},"137":{"start":{"line":89,"column":12},"end":{"line":88,"column":14}},"138":{"start":{"line":53,"column":99},"end":{"line":53,"column":109}},"139":{"start":{"line":54,"column":74},"end":{"line":54,"column":84}},"140":{"start":{"line":58,"column":10},"end":{"line":60,"column":83}},"141":{"start":{"line":68,"column":21},"end":{"line":68,"column":null}},"142":{"start":{"line":81,"column":24},"end":{"line":80,"column":null}},"143":{"start":{"line":80,"column":30},"end":{"line":80,"column":null}}},"fnMap":{"0":{"name":"(anonymous_0)","decl":{"start":{"line":116,"column":33},"end":{"line":116,"column":34}},"loc":{"start":{"line":116,"column":39},"end":{"line":119,"column":1}},"line":116},"1":{"name":"(anonymous_1)","decl":{"start":{"line":117,"column":42},"end":{"line":117,"column":43}},"loc":{"start":{"line":117,"column":47},"end":{"line":117,"column":62}},"line":117},"2":{"name":"(anonymous_2)","decl":{"start":{"line":121,"column":26},"end":{"line":121,"column":27}},"loc":{"start":{"line":121,"column":32},"end":{"line":126,"column":1}},"line":121},"3":{"name":"(anonymous_3)","decl":{"start":{"line":128,"column":26},"end":{"line":128,"column":27}},"loc":{"start":{"line":128,"column":33},"end":{"line":131,"column":1}},"line":128},"4":{"name":"(anonymous_4)","decl":{"start":{"line":134,"column":10},"end":{"line":134,"column":11}},"loc":{"start":{"line":134,"column":16},"end":{"line":163,"column":1}},"line":134},"5":{"name":"(anonymous_5)","decl":{"start":{"line":139,"column":15},"end":{"line":139,"column":16}},"loc":{"start":{"line":139,"column":21},"end":{"line":142,"column":7}},"line":139},"6":{"name":"(anonymous_6)","decl":{"start":{"line":143,"column":13},"end":{"line":143,"column":14}},"loc":{"start":{"line":143,"column":19},"end":{"line":145,"column":7}},"line":143},"7":{"name":"(anonymous_7)","decl":{"start":{"line":146,"column":16},"end":{"line":146,"column":17}},"loc":{"start":{"line":146,"column":45},"end":{"line":151,"column":7}},"line":146},"8":{"name":"(anonymous_8)","decl":{"start":{"line":152,"column":15},"end":{"line":152,"column":16}},"loc":{"start":{"line":152,"column":32},"end":{"line":155,"column":null}},"line":152},"9":{"name":"(anonymous_9)","decl":{"start":{"line":165,"column":12},"end":{"line":165,"column":13}},"loc":{"start":{"line":165,"column":18},"end":{"line":174,"column":1}},"line":165},"10":{"name":"startDrag","decl":{"start":{"line":176,"column":9},"end":{"line":176,"column":18}},"loc":{"start":{"line":176,"column":22},"end":{"line":196,"column":null}},"line":176},"11":{"name":"(anonymous_11)","decl":{"start":{"line":183,"column":17},"end":{"line":183,"column":18}},"loc":{"start":{"line":183,"column":25},"end":{"line":189,"column":null}},"line":183},"12":{"name":"(anonymous_12)","decl":{"start":{"line":190,"column":15},"end":{"line":190,"column":16}},"loc":{"start":{"line":190,"column":21},"end":{"line":193,"column":null}},"line":190},"13":{"name":"startTouchDrag","decl":{"start":{"line":199,"column":9},"end":{"line":199,"column":23}},"loc":{"start":{"line":199,"column":27},"end":{"line":225,"column":null}},"line":199},"14":{"name":"(anonymous_14)","decl":{"start":{"line":208,"column":22},"end":{"line":208,"column":23}},"loc":{"start":{"line":208,"column":30},"end":{"line":216,"column":null}},"line":208},"15":{"name":"(anonymous_15)","decl":{"start":{"line":217,"column":21},"end":{"line":217,"column":22}},"loc":{"start":{"line":217,"column":27},"end":{"line":221,"column":null}},"line":217},"16":{"name":"toggleBubbleMenu","decl":{"start":{"line":227,"column":9},"end":{"line":227,"column":25}},"loc":{"start":{"line":227,"column":28},"end":{"line":234,"column":null}},"line":227},"17":{"name":"openChat","decl":{"start":{"line":236,"column":9},"end":{"line":236,"column":17}},"loc":{"start":{"line":236,"column":20},"end":{"line":240,"column":null}},"line":236},"18":{"name":"(anonymous_18)","decl":{"start":{"line":239,"column":11},"end":{"line":239,"column":12}},"loc":{"start":{"line":239,"column":17},"end":{"line":239,"column":33}},"line":239},"19":{"name":"closeChat","decl":{"start":{"line":242,"column":9},"end":{"line":242,"column":18}},"loc":{"start":{"line":242,"column":21},"end":{"line":247,"column":null}},"line":242},"20":{"name":"navigateTo","decl":{"start":{"line":249,"column":9},"end":{"line":249,"column":19}},"loc":{"start":{"line":249,"column":26},"end":{"line":252,"column":null}},"line":249},"21":{"name":"sendMessage","decl":{"start":{"line":254,"column":9},"end":{"line":254,"column":20}},"loc":{"start":{"line":254,"column":23},"end":{"line":295,"column":null}},"line":254},"22":{"name":"(anonymous_22)","decl":{"start":{"line":271,"column":17},"end":{"line":271,"column":18}},"loc":{"start":{"line":271,"column":23},"end":{"line":278,"column":7}},"line":271},"23":{"name":"(anonymous_23)","decl":{"start":{"line":283,"column":17},"end":{"line":283,"column":18}},"loc":{"start":{"line":283,"column":23},"end":{"line":289,"column":7}},"line":283},"24":{"name":"toggleVoice","decl":{"start":{"line":297,"column":9},"end":{"line":297,"column":20}},"loc":{"start":{"line":297,"column":23},"end":{"line":307,"column":null}},"line":297},"25":{"name":"formatTime","decl":{"start":{"line":309,"column":9},"end":{"line":309,"column":19}},"loc":{"start":{"line":309,"column":24},"end":{"line":312,"column":null}},"line":309},"26":{"name":"scrollToBottom","decl":{"start":{"line":314,"column":9},"end":{"line":314,"column":23}},"loc":{"start":{"line":314,"column":26},"end":{"line":318,"column":null}},"line":314},"27":{"name":"(anonymous_27)","decl":{"start":{"line":320,"column":6},"end":{"line":320,"column":7}},"loc":{"start":{"line":320,"column":12},"end":{"line":320,"column":35}},"line":320},"28":{"name":"(anonymous_28)","decl":{"start":{"line":320,"column":37},"end":{"line":320,"column":38}},"loc":{"start":{"line":320,"column":42},"end":{"line":320,"column":67}},"line":320},"29":{"name":"(anonymous_29)","decl":{"start":{"line":323,"column":27},"end":{"line":323,"column":28}},"loc":{"start":{"line":323,"column":33},"end":{"line":325,"column":null}},"line":323},"30":{"name":"(anonymous_30)","decl":{"start":{"line":30,"column":6},"end":{"line":30,"column":17}},"loc":{"start":{"line":44,"column":12},"end":{"line":42,"column":47}},"line":44},"31":{"name":"(anonymous_31)","decl":{"start":{"line":32,"column":19},"end":{"line":32,"column":35}},"loc":{"start":{"line":32,"column":35},"end":{"line":32,"column":45}},"line":32},"32":{"name":"(anonymous_32)","decl":{"start":{"line":35,"column":32},"end":{"line":35,"column":null}},"loc":{"start":{"line":35,"column":20},"end":{"line":42,"column":47}},"line":35},"33":{"name":"(anonymous_33)","decl":{"start":{"line":39,"column":16},"end":{"line":39,"column":23}},"loc":{"start":{"line":39,"column":23},"end":{"line":39,"column":null}},"line":39},"34":{"name":"(anonymous_34)","decl":{"start":{"line":42,"column":19},"end":{"line":42,"column":35}},"loc":{"start":{"line":42,"column":47},"end":{"line":42,"column":47}},"line":42},"35":{"name":"(anonymous_35)","decl":{"start":{"line":49,"column":6},"end":{"line":49,"column":17}},"loc":{"start":{"line":89,"column":12},"end":{"line":88,"column":14}},"line":89},"36":{"name":"(anonymous_36)","decl":{"start":{"line":49,"column":58},"end":{"line":49,"column":59}},"loc":{"start":{"line":49,"column":58},"end":{"line":49,"column":59}},"line":49},"37":{"name":"(anonymous_37)","decl":{"start":{"line":53,"column":89},"end":{"line":53,"column":99}},"loc":{"start":{"line":53,"column":99},"end":{"line":53,"column":109}},"line":53},"38":{"name":"(anonymous_38)","decl":{"start":{"line":54,"column":65},"end":{"line":54,"column":74}},"loc":{"start":{"line":54,"column":74},"end":{"line":54,"column":84}},"line":54},"39":{"name":"(anonymous_39)","decl":{"start":{"line":58,"column":45},"end":{"line":58,"column":48}},"loc":{"start":{"line":58,"column":25},"end":{"line":60,"column":83}},"line":58},"40":{"name":"(anonymous_40)","decl":{"start":{"line":68,"column":21},"end":{"line":68,"column":30}},"loc":{"start":{"line":68,"column":21},"end":{"line":68,"column":null}},"line":68},"41":{"name":"(anonymous_41)","decl":{"start":{"line":74,"column":14},"end":{"line":74,"column":null}},"loc":{"start":{"line":81,"column":24},"end":{"line":80,"column":null}},"line":81},"42":{"name":"(anonymous_42)","decl":{"start":{"line":80,"column":16},"end":{"line":80,"column":30}},"loc":{"start":{"line":80,"column":30},"end":{"line":80,"column":null}},"line":80}},"branchMap":{"0":{"loc":{"start":{"line":118,"column":9},"end":{"line":118,"column":null}},"type":"binary-expr","locations":[{"start":{"line":118,"column":9},"end":{"line":118,"column":21}},{"start":{"line":118,"column":25},"end":{"line":118,"column":49}},{"start":{"line":118,"column":53},"end":{"line":118,"column":null}}],"line":118},"1":{"loc":{"start":{"line":136,"column":2},"end":{"line":157,"column":null}},"type":"if","locations":[{"start":{"line":136,"column":2},"end":{"line":157,"column":null}},{"start":{},"end":{}}],"line":136},"2":{"loc":{"start":{"line":148,"column":8},"end":{"line":150,"column":null}},"type":"if","locations":[{"start":{"line":148,"column":8},"end":{"line":150,"column":null}},{"start":{},"end":{}}],"line":148},"3":{"loc":{"start":{"line":148,"column":12},"end":{"line":148,"column":40}},"type":"binary-expr","locations":[{"start":{"line":148,"column":12},"end":{"line":148,"column":19}},{"start":{"line":148,"column":23},"end":{"line":148,"column":40}}],"line":148},"4":{"loc":{"start":{"line":160,"column":2},"end":{"line":162,"column":null}},"type":"if","locations":[{"start":{"line":160,"column":2},"end":{"line":162,"column":null}},{"start":{},"end":{}}],"line":160},"5":{"loc":{"start":{"line":167,"column":2},"end":{"line":169,"column":null}},"type":"if","locations":[{"start":{"line":167,"column":2},"end":{"line":169,"column":null}},{"start":{},"end":{}}],"line":167},"6":{"loc":{"start":{"line":171,"column":2},"end":{"line":173,"column":null}},"type":"if","locations":[{"start":{"line":171,"column":2},"end":{"line":173,"column":null}},{"start":{},"end":{}}],"line":171},"7":{"loc":{"start":{"line":186,"column":4},"end":{"line":186,"column":null}},"type":"if","locations":[{"start":{"line":186,"column":4},"end":{"line":186,"column":null}},{"start":{},"end":{}}],"line":186},"8":{"loc":{"start":{"line":186,"column":8},"end":{"line":186,"column":44}},"type":"binary-expr","locations":[{"start":{"line":186,"column":8},"end":{"line":186,"column":24}},{"start":{"line":186,"column":28},"end":{"line":186,"column":44}}],"line":186},"9":{"loc":{"start":{"line":200,"column":2},"end":{"line":200,"column":null}},"type":"if","locations":[{"start":{"line":200,"column":2},"end":{"line":200,"column":null}},{"start":{},"end":{}}],"line":200},"10":{"loc":{"start":{"line":209,"column":4},"end":{"line":209,"column":null}},"type":"if","locations":[{"start":{"line":209,"column":4},"end":{"line":209,"column":null}},{"start":{},"end":{}}],"line":209},"11":{"loc":{"start":{"line":213,"column":4},"end":{"line":213,"column":null}},"type":"if","locations":[{"start":{"line":213,"column":4},"end":{"line":213,"column":null}},{"start":{},"end":{}}],"line":213},"12":{"loc":{"start":{"line":213,"column":8},"end":{"line":213,"column":44}},"type":"binary-expr","locations":[{"start":{"line":213,"column":8},"end":{"line":213,"column":24}},{"start":{"line":213,"column":28},"end":{"line":213,"column":44}}],"line":213},"13":{"loc":{"start":{"line":228,"column":2},"end":{"line":228,"column":null}},"type":"if","locations":[{"start":{"line":228,"column":2},"end":{"line":228,"column":null}},{"start":{},"end":{}}],"line":228},"14":{"loc":{"start":{"line":229,"column":2},"end":{"line":232,"column":null}},"type":"if","locations":[{"start":{"line":229,"column":2},"end":{"line":232,"column":null}},{"start":{},"end":{}}],"line":229},"15":{"loc":{"start":{"line":244,"column":2},"end":{"line":246,"column":null}},"type":"if","locations":[{"start":{"line":244,"column":2},"end":{"line":246,"column":null}},{"start":{},"end":{}}],"line":244},"16":{"loc":{"start":{"line":244,"column":6},"end":{"line":244,"column":52}},"type":"binary-expr","locations":[{"start":{"line":244,"column":6},"end":{"line":244,"column":25}},{"start":{"line":244,"column":29},"end":{"line":244,"column":52}}],"line":244},"17":{"loc":{"start":{"line":256,"column":2},"end":{"line":256,"column":null}},"type":"if","locations":[{"start":{"line":256,"column":2},"end":{"line":256,"column":null}},{"start":{},"end":{}}],"line":256},"18":{"loc":{"start":{"line":256,"column":6},"end":{"line":256,"column":35}},"type":"binary-expr","locations":[{"start":{"line":256,"column":6},"end":{"line":256,"column":11}},{"start":{"line":256,"column":15},"end":{"line":256,"column":35}}],"line":256},"19":{"loc":{"start":{"line":262,"column":2},"end":{"line":294,"column":null}},"type":"if","locations":[{"start":{"line":262,"column":2},"end":{"line":294,"column":null}},{"start":{"line":291,"column":9},"end":{"line":294,"column":null}}],"line":262},"20":{"loc":{"start":{"line":262,"column":6},"end":{"line":262,"column":47}},"type":"binary-expr","locations":[{"start":{"line":262,"column":6},"end":{"line":262,"column":20}},{"start":{"line":262,"column":24},"end":{"line":262,"column":47}}],"line":262},"21":{"loc":{"start":{"line":270,"column":4},"end":{"line":279,"column":null}},"type":"if","locations":[{"start":{"line":270,"column":4},"end":{"line":279,"column":null}},{"start":{},"end":{}}],"line":270},"22":{"loc":{"start":{"line":282,"column":4},"end":{"line":290,"column":null}},"type":"if","locations":[{"start":{"line":282,"column":4},"end":{"line":290,"column":null}},{"start":{},"end":{}}],"line":282},"23":{"loc":{"start":{"line":284,"column":8},"end":{"line":288,"column":null}},"type":"if","locations":[{"start":{"line":284,"column":8},"end":{"line":288,"column":null}},{"start":{"line":286,"column":15},"end":{"line":288,"column":null}}],"line":284},"24":{"loc":{"start":{"line":298,"column":2},"end":{"line":301,"column":null}},"type":"if","locations":[{"start":{"line":298,"column":2},"end":{"line":301,"column":null}},{"start":{},"end":{}}],"line":298},"25":{"loc":{"start":{"line":302,"column":2},"end":{"line":306,"column":null}},"type":"if","locations":[{"start":{"line":302,"column":2},"end":{"line":306,"column":null}},{"start":{"line":304,"column":9},"end":{"line":306,"column":null}}],"line":302},"26":{"loc":{"start":{"line":315,"column":2},"end":{"line":317,"column":null}},"type":"if","locations":[{"start":{"line":315,"column":2},"end":{"line":317,"column":null}},{"start":{},"end":{}}],"line":315},"27":{"loc":{"start":{"line":6,"column":29},"end":{"line":6,"column":75}},"type":"binary-expr","locations":[{"start":{"line":6,"column":29},"end":{"line":6,"column":53}},{"start":{"line":6,"column":57},"end":{"line":6,"column":75}}],"line":6},"28":{"loc":{"start":{"line":30,"column":17},"end":{"line":42,"column":47}},"type":"cond-expr","locations":[{"start":{"line":30,"column":6},"end":{"line":42,"column":47}}],"line":30},"29":{"loc":{"start":{"line":30,"column":17},"end":{"line":30,"column":64}},"type":"binary-expr","locations":[{"start":{"line":30,"column":17},"end":{"line":30,"column":41}},{"start":{"line":30,"column":41},"end":{"line":30,"column":64}}],"line":30},"30":{"loc":{"start":{"line":49,"column":17},"end":{"line":88,"column":14}},"type":"cond-expr","locations":[{"start":{"line":49,"column":6},"end":{"line":88,"column":14}}],"line":49},"31":{"loc":{"start":{"line":49,"column":64},"end":{"line":49,"column":null}},"type":"binary-expr","locations":[{"start":{"line":49,"column":64},"end":{"line":49,"column":69}},{"start":{"line":49,"column":64},"end":{"line":49,"column":null}}],"line":49},"32":{"loc":{"start":{"line":51,"column":10},"end":{"line":51,"column":55}},"type":"binary-expr","locations":[{"start":{"line":51,"column":10},"end":{"line":51,"column":16}},{"start":{"line":51,"column":10},"end":{"line":51,"column":55}}],"line":51},"33":{"loc":{"start":{"line":62,"column":21},"end":{"line":63,"column":85}},"type":"cond-expr","locations":[{"start":{"line":62,"column":10},"end":{"line":63,"column":85}}],"line":62},"34":{"loc":{"start":{"line":64,"column":16},"end":{"line":63,"column":85}},"type":"binary-expr","locations":[{"start":{"line":64,"column":16},"end":{"line":64,"column":null}},{"start":{"line":64,"column":16},"end":{"line":63,"column":85}}],"line":64},"35":{"loc":{"start":{"line":68,"column":21},"end":{"line":68,"column":null}},"type":"binary-expr","locations":[{"start":{"line":68,"column":21},"end":{"line":68,"column":30}},{"start":{"line":68,"column":21},"end":{"line":68,"column":null}}],"line":68},"36":{"loc":{"start":{"line":69,"column":26},"end":{"line":69,"column":null}},"type":"cond-expr","locations":[{"start":{"line":69,"column":45},"end":{"line":69,"column":null}},{"start":{"line":69,"column":45},"end":{"line":69,"column":null}}],"line":69},"37":{"loc":{"start":{"line":71,"column":23},"end":{"line":71,"column":null}},"type":"binary-expr","locations":[{"start":{"line":71,"column":23},"end":{"line":71,"column":43}},{"start":{"line":71,"column":47},"end":{"line":71,"column":null}}],"line":71},"38":{"loc":{"start":{"line":78,"column":24},"end":{"line":78,"column":null}},"type":"cond-expr","locations":[{"start":{"line":78,"column":39},"end":{"line":78,"column":null}},{"start":{"line":78,"column":39},"end":{"line":78,"column":null}}],"line":78},"39":{"loc":{"start":{"line":86,"column":20},"end":{"line":88,"column":14}},"type":"cond-expr","locations":[{"start":{"line":86,"column":8},"end":{"line":88,"column":14}}],"line":86}},"s":{"0":48,"1":48,"2":48,"3":48,"4":48,"5":48,"6":48,"7":48,"8":48,"9":48,"10":22,"11":22,"12":22,"13":48,"14":20,"15":48,"16":48,"17":48,"18":48,"19":48,"20":0,"21":0,"22":0,"23":0,"24":0,"25":0,"26":0,"27":0,"28":0,"29":48,"30":48,"31":48,"32":0,"33":0,"34":0,"35":0,"36":0,"37":0,"38":0,"39":0,"40":0,"41":0,"42":0,"43":0,"44":0,"45":0,"46":0,"47":0,"48":0,"49":0,"50":0,"51":0,"52":0,"53":0,"54":0,"55":0,"56":0,"57":0,"58":0,"59":0,"60":0,"61":0,"62":0,"63":0,"64":0,"65":0,"66":0,"67":0,"68":0,"69":0,"70":0,"71":0,"72":0,"73":0,"74":0,"75":0,"76":0,"77":0,"78":19,"79":0,"80":19,"81":0,"82":0,"83":19,"84":12,"85":12,"86":12,"87":12,"88":0,"89":0,"90":0,"91":0,"92":0,"93":2,"94":2,"95":1,"96":1,"97":1,"98":1,"99":1,"100":1,"101":1,"102":1,"103":1,"104":0,"105":1,"106":0,"107":0,"108":0,"109":0,"110":0,"111":0,"112":0,"113":0,"114":0,"115":0,"116":0,"117":37,"118":37,"119":49,"120":23,"121":48,"122":86,"123":37,"124":48,"125":1,"126":2,"127":2,"128":2,"129":2,"130":2,"131":81,"132":80,"133":18,"134":72,"135":0,"136":72,"137":72,"138":24,"139":24,"140":35,"141":0,"142":36,"143":36},"f":{"0":22,"1":22,"2":20,"3":48,"4":48,"5":0,"6":0,"7":0,"8":0,"9":0,"10":0,"11":0,"12":0,"13":0,"14":0,"15":0,"16":19,"17":12,"18":12,"19":0,"20":0,"21":2,"22":0,"23":0,"24":0,"25":37,"26":49,"27":86,"28":37,"29":1,"30":80,"31":18,"32":72,"33":0,"34":72,"35":72,"36":1,"37":24,"38":24,"39":35,"40":0,"41":36,"42":36},"b":{"0":[22,0,0],"1":[0,48],"2":[0,0],"3":[0,0],"4":[48,0],"5":[0,0],"6":[0,0],"7":[0,0],"8":[0,0],"9":[0,0],"10":[0,0],"11":[0,0],"12":[0,0],"13":[0,19],"14":[0,19],"15":[0,0],"16":[0,0],"17":[1,1],"18":[2,1],"19":[1,0],"20":[1,1],"21":[1,0],"22":[0,1],"23":[0,0],"24":[0,0],"25":[0,0],"26":[23,26],"27":[81,63],"28":[18,null],"29":[80,18],"30":[24,null],"31":[24,12],"32":[24,12],"33":[1,null],"34":[1,1],"35":[24,12],"36":[0,24],"37":[24,23],"38":[0,36],"39":[24,null]},"meta":{"lastBranch":40,"lastFunction":43,"lastStatement":144,"seen":{"s:104:14:104:Infinity":0,"s:105:13:105:Infinity":1,"s:106:15:106:Infinity":2,"s:107:18:107:Infinity":3,"s:109:19:109:Infinity":4,"s:110:17:110:Infinity":5,"s:111:18:111:Infinity":6,"s:112:25:112:Infinity":7,"s:113:23:113:Infinity":8,"s:116:23:119:Infinity":9,"f:116:33:116:34":0,"s:117:19:117:Infinity":10,"f:117:42:117:43":1,"s:117:47:117:62":11,"s:118:2:118:Infinity":12,"b:118:9:118:21:118:25:118:49:118:53:118:Infinity":0,"s:121:16:126:Infinity":13,"f:121:26:121:27":2,"s:121:32:126:1":14,"s:128:16:131:Infinity":15,"f:128:26:128:27":3,"s:128:33:131:1":16,"s:134:0:163:Infinity":17,"f:134:10:134:11":4,"s:135:2:135:Infinity":18,"b:136:2:157:Infinity:undefined:undefined:undefined:undefined":1,"s:136:2:157:Infinity":19,"s:137:4:156:Infinity":20,"f:139:15:139:16":5,"s:140:8:140:Infinity":21,"s:141:8:141:Infinity":22,"f:143:13:143:14":6,"s:144:8:144:Infinity":23,"f:146:16:146:17":7,"s:147:8:147:Infinity":24,"b:148:8:150:Infinity:undefined:undefined:undefined:undefined":2,"s:148:8:150:Infinity":25,"b:148:12:148:19:148:23:148:40":3,"s:149:10:149:Infinity":26,"f:152:15:152:16":8,"s:153:8:153:Infinity":27,"s:154:8:154:Infinity":28,"b:160:2:162:Infinity:undefined:undefined:undefined:undefined":4,"s:160:2:162:Infinity":29,"s:161:4:161:Infinity":30,"s:165:0:174:Infinity":31,"f:165:12:165:13":9,"b:167:2:169:Infinity:undefined:undefined:undefined:undefined":5,"s:167:2:169:Infinity":32,"s:168:4:168:Infinity":33,"b:171:2:173:Infinity:undefined:undefined:undefined:undefined":6,"s:171:2:173:Infinity":34,"s:172:4:172:Infinity":35,"f:176:9:176:18":10,"s:177:2:177:Infinity":36,"s:178:17:178:Infinity":37,"s:179:17:179:Infinity":38,"s:180:20:180:Infinity":39,"s:181:20:181:Infinity":40,"s:183:17:189:Infinity":41,"f:183:17:183:18":11,"s:184:15:184:Infinity":42,"s:185:15:185:Infinity":43,"b:186:4:186:Infinity:undefined:undefined:undefined:undefined":7,"s:186:4:186:Infinity":44,"b:186:8:186:24:186:28:186:44":8,"s:186:46:186:Infinity":45,"s:187:4:187:Infinity":46,"s:188:4:188:Infinity":47,"s:190:15:193:Infinity":48,"f:190:15:190:16":12,"s:191:4:191:Infinity":49,"s:192:4:192:Infinity":50,"s:194:2:194:Infinity":51,"s:195:2:195:Infinity":52,"f:199:9:199:23":13,"b:200:2:200:Infinity:undefined:undefined:undefined:undefined":9,"s:200:2:200:Infinity":53,"s:200:30:200:Infinity":54,"s:201:2
[...]
,"column":66}}],"line":327},"23":{"loc":{"start":{"line":334,"column":4},"end":{"line":336,"column":null}},"type":"if","locations":[{"start":{"line":334,"column":4},"end":{"line":336,"column":null}},{"start":{},"end":{}}],"line":334},"24":{"loc":{"start":{"line":349,"column":2},"end":{"line":390,"column":null}},"type":"if","locations":[{"start":{"line":349,"column":2},"end":{"line":390,"column":null}},{"start":{"line":388,"column":9},"end":{"line":390,"column":null}}],"line":349},"25":{"loc":{"start":{"line":371,"column":6},"end":{"line":375,"column":null}},"type":"if","locations":[{"start":{"line":371,"column":6},"end":{"line":375,"column":null}},{"start":{"line":373,"column":13},"end":{"line":375,"column":null}}],"line":371},"26":{"loc":{"start":{"line":384,"column":6},"end":{"line":386,"column":null}},"type":"if","locations":[{"start":{"line":384,"column":6},"end":{"line":386,"column":null}},{"start":{},"end":{}}],"line":384},"27":{"loc":{"start":{"line":384,"column":10},"end":{"line":384,"column":55}},"type":"binary-expr","locations":[{"start":{"line":384,"column":10},"end":{"line":384,"column":25}},{"start":{"line":384,"column":29},"end":{"line":384,"column":55}}],"line":384},"28":{"loc":{"start":{"line":7,"column":19},"end":{"line":7,"column":null}},"type":"binary-expr","locations":[{"start":{"line":7,"column":19},"end":{"line":7,"column":29}},{"start":{"line":7,"column":19},"end":{"line":7,"column":null}}],"line":7},"29":{"loc":{"start":{"line":13,"column":28},"end":{"line":13,"column":55}},"type":"binary-expr","locations":[{"start":{"line":13,"column":28},"end":{"line":13,"column":38}},{"start":{"line":13,"column":28},"end":{"line":13,"column":55}}],"line":13},"30":{"loc":{"start":{"line":18,"column":19},"end":{"line":18,"column":null}},"type":"binary-expr","locations":[{"start":{"line":18,"column":19},"end":{"line":18,"column":29}},{"start":{"line":18,"column":19},"end":{"line":18,"column":null}}],"line":18},"31":{"loc":{"start":{"line":25,"column":28},"end":{"line":25,"column":53}},"type":"binary-expr","locations":[{"start":{"line":25,"column":28},"end":{"line":25,"column":38}},{"start":{"line":25,"column":28},"end":{"line":25,"column":53}}],"line":25},"32":{"loc":{"start":{"line":31,"column":28},"end":{"line":31,"column":78}},"type":"cond-expr","locations":[{"start":{"line":31,"column":47},"end":{"line":31,"column":78}},{"start":{"line":31,"column":47},"end":{"line":31,"column":78}}],"line":31},"33":{"loc":{"start":{"line":31,"column":83},"end":{"line":31,"column":116}},"type":"binary-expr","locations":[{"start":{"line":31,"column":83},"end":{"line":31,"column":85}},{"start":{"line":31,"column":83},"end":{"line":31,"column":116}}],"line":31},"34":{"loc":{"start":{"line":32,"column":28},"end":{"line":32,"column":78}},"type":"cond-expr","locations":[{"start":{"line":32,"column":47},"end":{"line":32,"column":78}},{"start":{"line":32,"column":47},"end":{"line":32,"column":78}}],"line":32},"35":{"loc":{"start":{"line":32,"column":83},"end":{"line":32,"column":116}},"type":"binary-expr","locations":[{"start":{"line":32,"column":83},"end":{"line":32,"column":85}},{"start":{"line":32,"column":83},"end":{"line":32,"column":116}}],"line":32},"36":{"loc":{"start":{"line":34,"column":55},"end":{"line":34,"column":76}},"type":"binary-expr","locations":[{"start":{"line":34,"column":55},"end":{"line":34,"column":57}},{"start":{"line":34,"column":55},"end":{"line":34,"column":76}}],"line":34},"37":{"loc":{"start":{"line":34,"column":80},"end":{"line":34,"column":92}},"type":"binary-expr","locations":[{"start":{"line":34,"column":80},"end":{"line":34,"column":92}},{"start":{"line":34,"column":80},"end":{"line":34,"column":92}}],"line":34},"38":{"loc":{"start":{"line":40,"column":12},"end":{"line":40,"column":22}},"type":"binary-expr","locations":[{"start":{"line":40,"column":12},"end":{"line":40,"column":14}},{"start":{"line":40,"column":12},"end":{"line":40,"column":22}}],"line":40},"39":{"loc":{"start":{"line":40,"column":89},"end":{"line":40,"column":100}},"type":"binary-expr","locations":[{"start":{"line":40,"column":89},"end":{"line":40,"column":93}},{"start":{"line":40,"column":89},"end":{"line":40,"column":100}}],"line":40},"40":{"loc":{"start":{"line":41,"column":12},"end":{"line":41,"column":24}},"type":"binary-expr","locations":[{"start":{"line":41,"column":12},"end":{"line":41,"column":16}},{"start":{"line":41,"column":12},"end":{"line":41,"column":24}}],"line":41},"41":{"loc":{"start":{"line":42,"column":12},"end":{"line":42,"column":24}},"type":"binary-expr","locations":[{"start":{"line":42,"column":12},"end":{"line":42,"column":16}},{"start":{"line":42,"column":12},"end":{"line":42,"column":24}}],"line":42},"42":{"loc":{"start":{"line":46,"column":15},"end":{"line":113,"column":70}},"type":"cond-expr","locations":[{"start":{"line":46,"column":4},"end":{"line":78,"column":null}},{"start":{"line":85,"column":4},"end":{"line":113,"column":70}}],"line":46},"43":{"loc":{"start":{"line":56,"column":18},"end":{"line":62,"column":57}},"type":"cond-expr","locations":[{"start":{"line":55,"column":10},"end":{"line":59,"column":null}},{"start":{"line":61,"column":10},"end":{"line":62,"column":57}}],"line":56},"44":{"loc":{"start":{"line":56,"column":18},"end":{"line":56,"column":null}},"type":"binary-expr","locations":[{"start":{"line":56,"column":18},"end":{"line":56,"column":33}},{"start":{"line":56,"column":37},"end":{"line":56,"column":null}}],"line":56},"45":{"loc":{"start":{"line":57,"column":18},"end":{"line":57,"column":null}},"type":"binary-expr","locations":[{"start":{"line":57,"column":18},"end":{"line":57,"column":33}},{"start":{"line":57,"column":37},"end":{"line":57,"column":null}}],"line":57},"46":{"loc":{"start":{"line":64,"column":21},"end":{"line":64,"column":83}},"type":"cond-expr","locations":[{"start":{"line":64,"column":10},"end":{"line":64,"column":83}}],"line":64},"47":{"loc":{"start":{"line":86,"column":80},"end":{"line":86,"column":111}},"type":"binary-expr","locations":[{"start":{"line":86,"column":80},"end":{"line":86,"column":83}},{"start":{"line":86,"column":80},"end":{"line":86,"column":111}}],"line":86},"48":{"loc":{"start":{"line":90,"column":25},"end":{"line":91,"column":66}},"type":"cond-expr","locations":[{"start":{"line":90,"column":14},"end":{"line":90,"column":141}},{"start":{"line":91,"column":14},"end":{"line":91,"column":66}}],"line":90},"49":{"loc":{"start":{"line":90,"column":25},"end":{"line":90,"column":63}},"type":"binary-expr","locations":[{"start":{"line":90,"column":25},"end":{"line":90,"column":38}},{"start":{"line":90,"column":42},"end":{"line":90,"column":63}}],"line":90},"50":{"loc":{"start":{"line":90,"column":68},"end":{"line":90,"column":105}},"type":"binary-expr","locations":[{"start":{"line":90,"column":68},"end":{"line":90,"column":81}},{"start":{"line":90,"column":85},"end":{"line":90,"column":105}}],"line":90},"51":{"loc":{"start":{"line":119,"column":24},"end":{"line":119,"column":36}},"type":"binary-expr","locations":[{"start":{"line":119,"column":24},"end":{"line":119,"column":34}},{"start":{"line":119,"column":24},"end":{"line":119,"column":36}}],"line":119},"52":{"loc":{"start":{"line":144,"column":50},"end":{"line":144,"column":79}},"type":"binary-expr","locations":[{"start":{"line":144,"column":50},"end":{"line":144,"column":62}},{"start":{"line":144,"column":62},"end":{"line":144,"column":79}}],"line":144},"53":{"loc":{"start":{"line":144,"column":82},"end":{"line":144,"column":108}},"type":"cond-expr","locations":[{"start":{"line":144,"column":91},"end":{"line":144,"column":108}},{"start":{"line":144,"column":91},"end":{"line":144,"column":108}}],"line":144},"54":{"loc":{"start":{"line":145,"column":86},"end":{"line":145,"column":null}},"type":"binary-expr","locations":[{"start":{"line":145,"column":86},"end":{"line":145,"column":99}},{"start":{"line":145,"column":103},"end":{"line":145,"column":null}}],"line":145},"55":{"loc":{"start":{"line":146,"column":13},"end":{"line":146,"column":45}},"type":"cond-expr","locations":[{"start":{"line":146,"column":22},"end":{"line":146,"column":45}},{"start":{"line":146,"column":22},"end":{"line":146,"column":45}}],"line":146},"56":{"loc":{"start":{"line":131,"column":72},"end":{"line":131,"column":72}},"type":"binary-expr","locations":[{"start":{"line":131,"column":72},"end":{"line":131,"column":null}},{"start":{"line":131,"column":72},"end":{"line":131,"column":72}}],"line":131},"57":{"loc":{"start":{"line":129,"column":8},"end":{"line":129,"column":62}},"type":"binary-expr","locations":[{"start":{"line":129,"column":8},"end":{"line":129,"column":13}},{"start":{"line":129,"column":8},"end":{"line":129,"column":62}}],"line":129},"58":{"loc":{"start":{"line":135,"column":17},"end":{"line":141,"column":70}},"type":"cond-expr","locations":[{"start":{"line":135,"column":6},"end":{"line":141,"column":70}}],"line":135},"59":{"loc":{"start":{"line":140,"column":59},"end":{"line":140,"column":101}},"type":"cond-expr","locations":[{"start":{"line":140,"column":73},"end":{"line":140,"column":101}},{"start":{"line":140,"column":73},"end":{"line":140,"column":101}}],"line":140}},"s":{"0":1,"1":42,"2":42,"3":42,"4":42,"5":42,"6":42,"7":42,"8":42,"9":42,"10":42,"11":42,"12":1008,"13":0,"14":0,"15":0,"16":0,"17":0,"18":0,"19":0,"20":0,"21":0,"22":0,"23":0,"24":0,"25":0,"26":0,"27":0,"28":0,"29":0,"30":0,"31":0,"32":0,"33":1133,"34":1133,"35":1133,"36":1333,"37":1336,"38":42,"39":4,"40":4,"41":1,"42":1,"43":3,"44":1,"45":1,"46":2,"47":2,"48":4,"49":2,"50":1,"51":1,"52":1,"53":1,"54":1,"55":1,"56":1,"57":1,"58":1,"59":1,"60":1,"61":0,"62":1,"63":1,"64":1,"65":0,"66":0,"67":0,"68":0,"69":0,"70":0,"71":0,"72":0,"73":0,"74":0,"75":0,"76":0,"77":0,"78":0,"79":0,"80":0,"81":0,"82":0,"83":0,"84":0,"85":0,"86":1,"87":0,"88":0,"89":0,"90":0,"91":0,"92":0,"93":0,"94":0,"95":0,"96":0,"97":0,"98":0,"99":0,"100":1,"101":0,"102":0,"103":0,"104":0,"105":0,"106":0,"107":0,"108":0,"109":0,"110":0,"111":0,"112":0,"113":0,"114":0,"115":0,"116":0,"117":0,"118":0,"119":0,"120":0,"121":0,"122":0,"123":0,"124":1,"125":1,"126":1,"127":1,"128":1,"129":1,"130":1,"131":1,"132":1,"133":1,"134":1,"135":1,"136":1,"137":1,"138":1,"139":1,"140":1,"141":1,"142":1,"143":51,"144":0,"145":0,"146":126,"147":0,"148":0,"149":126,"150":1008,"151":46,"152":0,"153":4,"154":1,"155":84,"156":1128,"157":0,"158":0,"159":1008,"160":2256,"161":2256,"162":0,"163":12,"164":204,"165":192,"166":204,"167":204,"168":384,"169":384,"170":204,"171":204,"172":0,"173":4,"174":8,"175":8,"176":4,"177":4,"178":4,"179":4},"f":{"0":42,"1":1008,"2":0,"3":0,"4":0,"5":0,"6":0,"7":0,"8":1133,"9":1333,"10":1336,"11":4,"12":2,"13":1,"14":0,"15":0,"16":0,"17":0,"18":0,"19":0,"20":0,"21":0,"22":0,"23":0,"24":0,"25":126,"26":0,"27":0,"28":126,"29":1008,"30":46,"31":0,"32":4,"33":1,"34":84,"35":1128,"36":0,"37":0,"38":1008,"39":2256,"40":2256,"41":0,"42":12,"43":204,"44":192,"45":204,"46":204,"47":384,"48":384,"49":204,"50":204,"51":0,"52":4,"53":8,"54":8,"55":4,"56":4,"57":4,"58":4},"b":{"0":[0,1008],"1":[1008,0],"2":[1336,13],"3":[4,0],"4":[1,3],"5":[4,4,1],"6":[1,2],"7":[3,3],"8":[2,0,0],"9":[1,1],"10":[1,0],"11":[0,0],"12":[1,0,0],"13":[1,0],"14":[0,1],"15":[1,0],"16":[0,0],"17":[0,0],"18":[0,0],"19":[0,0],"20":[0,0],"21":[0,0],"22":[0,0],"23":[0,0],"24":[0,0],"25":[0,0],"26":[0,0],"27":[0,0],"28":[51,42],"29":[51,42],"30":[51,42],"31":[51,42],"32":[42,4],"33":[46,42],"34":[4,42],"35":[46,42],"36":[51,42],"37":[84,42],"38":[51,42],"39":[51,42],"40":[51,42],"41":[51,42],"42":[47,4],"43":[0,1128],"44":[1128,1128],"45":[0,0],"46":[517,null],"47":[4,4],"48":[0,204],"49":[204,204],"50":[0,0],"51":[51,42],"52":[4,3],"53":[2,6],"54":[4,0],"55":[2,6],"56":[4,4],"57":[4,4],"58":[1,null],"59":[0,1]},"meta":{"lastBranch":60,"lastFunction":59,"lastStatement":180,"seen":{"s:236:22:236:Infinity":0,"s:160:14:160:Infinity":1,"s:161:18:161:Infinity":2,"s:163:18:163:Infinity":3,"s:164:17:164:Infinity":4,"s:165:18:165:Infinity":5,"s:166:22:166:Infinity":6,"s:167:22:167:Infinity":7,"s:168:20:168:Infinity":8,"s:169:18:169:Infinity":9,"s:172:0:178:Infinity":10,"f:172:10:172:11":0,"s:173:2:177:Infinity":11,"f:173:28:173:33":1,"b:174:4:176:Infinity:undefined:undefined:undefined:undefined":0,"s:174:4:176:Infinity":12,"b:174:8:174:17:174:21:174:37":1,"s:175:6:175:Infinity":13,"f:181:9:181:26":2,"s:182:16:182:Infinity":14,"s:183:2:183:Infinity":15,"s:184:2:184:Infinity":16,"s:185:2:185:Infinity":17,"s:187:2:190:Infinity":18,"f:187:23:187:24":3,"s:189:4:189:Infinity":19,"s:192:2:204:Infinity":20,"f:192:19:192:20":4,"s:193:4:203:Infinity":21,"s:194:21:194:Infinity":22,"s:195:6:195:Infinity":23,"s:196:6:196:Infinity":24,"s:197:18:197:Infinity":25,"s:198:6:198:Infinity":26,"s:199:6:199:Infinity":27,"s:202:6:202:Infinity":28,"s:206:2:208:Infinity":29,"f:206:18:206:19":5,"s:210:2:210:Infinity":30,"f:213:9:213:25":6,"s:214:2:214:Infinity":31,"f:217:9:217:19":7,"s:218:2:218:Infinity":32,"f:221:9:221:23":8,"s:222:12:222:Infinity":33,"s:223:12:223:Infinity":34,"s:224:2:224:Infinity":35,"f:227:9:227:19":9,"s:228:2:228:Infinity":36,"f:231:9:231:20":10,"s:232:2:232:Infinity":37,"b:232:9:232:71:232:75:232:Infinity":2,"s:238:22:238:Infinity":38,"f:240:9:240:25":11,"s:241:18:241:Infinity":39,"b:241:18:241:26:241:30:241:Infinity":3,"b:244:2:247:Infinity:undefined:undefined:undefined:undefined":4,"s:244:2:247:Infinity":40,"b:244:6:244:18:244:22:244:59:244:63:244:97":5,"s:245:4:245:Infinity":41,"s:246:4:246:Infinity":42,"b:250:2:253:Infinity:undefined:undefined:undefined:undefined":6,"s:250:2:253:Infinity":43,"b:250:6:250:18:250:22:250:50":7,"s:251:4:251:Infinity":44,"s:252:4:252:Infinity":45,"s:255:2:255:Infinity":46,"s:256:2:256:Infinity":47,"b:256:25:256:37:256:41:256:50:256:54:256:Infinity":8,"s:257:2:257:Infinity":48,"f:260:9:260:21":12,"b:261:2:271:Infinity:266:9:271:Infinity":9,"s:261:2:271:Infinity":49,"s:262:4:262:Infinity":50,"s:263:4:263:Infinity":51,"s:264:4:264:Infinity":52,"s:265:4:265:Infinity":53,"s:267:4:267:Infinity":54,"s:268:4:268:Infinity":55,"s:269:4:269:Infinity":56,"s:270:4:270:Infinity":57,"f:274:9:274:21":13,"b:275:2:278:Infinity:undefined:undefined:undefined:undefined":10,"s:275:2:278:Infinity":58,"s:276:4:276:Infinity":59,"s:277:4:277:Infinity":60,"s:280:15:280:Infinity":61,"b:280:15:280:35:280:39:280:Infinity":11,"s:281:19:281:Infinity":62,"b:281:19:281:28:281:32:281:53:281:57:281:Infinity":12,"s:282:19:282:Infinity":63,"b:282:31:282:40:282:44:282:45":13,"b:285:2:288:Infinity:undefined:undefined:undefined:undefined":14,"s:285:2:288:Infinity":64,"b:285:6:285:15:285:19:285:44":15,"s:286:4:286:Infinity":65,"s:287:4:287:Infinity":66,"s:290:2:290:Infinity":67,"s:291:2:291:Infinity":68,"s:292:2:292:Infinity":69,"s:295:17:295:Infinity":70,"b:296:2:298:Infinity:undefined:undefined:undefined:undefined":16,"s:296:2:298:Infinity":71,"s:297:4:297:Infinity":72,"s:301:27:311:Infinity":73,"f:301:39:301:40":14,"b:302:4:305:Infinity:undefined:undefined:undefined:undefined":17,"s:302:4:305:Infinity":74,"s:303:6:303:Infinity":75,"s:304:6:304:Infinity":76,"b:306:4:310:Infinity:undefined:undefined:undefined:undefined":18,"s:306:4:310:Infinity":77,"s:307:6:307:Infinity":78,"b:308:6:308:Infinity:undefined:undefined:undefined:undefined":19,"s:308:6:308:Infinity":79,"s:308:37:308:Infinity":80,"s:309:6:309:Infinity":81,"s:314:20:314:Infinity":82,"s:315:2:315:Infinity":83,"s:316:2:316:Infinity":84,"s:317:2:317:Infinity":85,"b:317:18:317:26:317:30:317:Infinity":20,"s:319:26:346:Infinity":86,"f:319:26:319:27":15,"s:320:4:320:Infinity":87,"s:321:4:321:Infinity":88,"s:322:4:322:Infinity":89,"s:324:21:331:Infinity":90,"b:326:12:326:20:326:24:326:60":21,"b:327:16:327:24:327:28:327:66":22,"b:334:4:336:Infinity:undefined:undefined:undefined:undefined":23,"s:334:4:336:Infinity":91,"s:335:6:335:Infinity":92,"s:338:4:345:Infinity":93,"f:338:15:338:16":16,"s:339:6:339:Infinity":94,"s:340:6:340:Infinity":95,"s:341:6:341:Infinity":96,"s:342:6:342:Infinity":97,"s:343:6:343:Infinity":98,"s:344:6:344:Infinity":99,"b:349:2:390:Infinity:388:9:390:Infinity":24,"s:349:2:390:Infinity":100,"s:350:24:350:Infinity":101,"s:352:4:354:Infinity":102,"f:352:29:352:30":17,"s:353:6:353:Infinity":103,"s:356:4:368:Infinity":104,"f:356:25:356:26":18,"s:357:6:366:Infinity":105,"s:358:23:358:Infinity":106,"s:359:8:359:Infinity":107,"s:360:8:360:Infinity":108,"s:361:20:361:Infinity":109,"s:362:8:362:Infinity":110,"s:363:8:363:Infinity":111,"s:365:8:365:Infinity":112,"s:367:6:367:Infinity":113,"s:370:4:376:Infinity":114,"f:370:33:370:34":19,"b:371:6:375:Infinity:373:13:375:Infinity":25,"s:371:6:375:Infinity":115,"s:374:8:374:Infinity":116,"s:378:4:380:Infinity":117,"f:378:24:378:25":20,"s:379:6:379:Infinity":118,"s:383:4:387:Infinity":119,"f:383:15:383:16":21,"b:384:6:386:Infinity:undefined:undefined:undefined:undefined":26,"s:384:6:386:Infinity":120,"b:384:10:384:25:384:29:384:55":27,"s:385:8:385:Infinity":121,"s:389:4:389:Infinity":122,"f:389:15:389:16":22,"s:389:21:389:45":123,"s:2:7:2:Infinity":124,"s:4:9:4:Infinity":125,"s:5:11:5:Infinity":126,"s:29:11:29:Infinity":127,"s:39:9:39:Infinity":128,"s:40:22:40:45":129,"s:41:24:41:47":130,"s:42:24:42:47":131,"s:53:13:53:Infinity":132,"s:65:15:65:51":133,"s:67:13:67:Infinity":134,"s:69:15:69:Infinity":135,"s:73:15:73:Infinity":136,"s:76:15:76:Infinity":137,"s:85:16:85:Infinity":138,"s:89:17:89:Infinity":139,"s:98:17:98:Infinity":140,"s:136:13:136:Infinity":141,"s:141:13:141:49":142,"s:2:2:141:70":143,"b:7:19:7:29:7:19:7:Infinity":28,"f:7:19:7:29":23,"s:7:19:7:Infinity":144,"b:13:28:13:38:13:28:13:55":29,"f:13:28:13:38":24,"s:13:28:13:55":145,"f:14:10:14:21":25,"s:14:53:15:51":146,"b:18:19:18:29:18:19:18:Infinity":30,"f:18:19:18:29":26,"s:18:19:18:Infinity":147,"b:25:28:25:38:25:28:25:53":31,"f:25:28:25:38":27,"s:25:28:25:53":148,"f:26:21:26:28":28,"s:26:54:26:94":149,"f:26:53:26:54":29,"s:26:10:26:94":150,"f:31:10:31:22":30,"s:31:130:32:130":151,"b:31:47:31:78:31:47:31:78":32,"b:31:83:31:85:31:83:31:116":33,"f:31:83:31:85":31,"s:31:85:31:116":152,"b:32:47:32:78:32:47:32:78":34,"b:32:83:32:85:32:83:32:116":35,"f:32:83:32:85":32,"s:32:85:32:116":153,"b:34:55:34:57:34:55:34:76":36,"f:34:55:34:57":33,"s:34:57:34:76":154,"f:34:76:34:80":34,"s:34:80:34:92":155,"b:34:80:34:92:34:80:34:92":37,"b:40:12:40:14:40:12:40:22":38,"b:40:89:40:93:40:89:40:100":39,"b:41:12:41:16:41:12:41:24":40,"b:42:12:42:16:42:12:42:24":41,"b:46:4:78:Infinity:85:4:113:70":42,"f:48:49:48:Infinity":35,"s:47:6:78:Infinity":156,"f:51:14:51:16":36,"s:51:16:51:Infinity":157,"b:55:10:59:Infinity:61:10:62:57":43,"b:56:18:56:33:56:37:56:Infinity":44,"b:57:18:57:33:57:37:57:Infinity":45,"f:59:18:59:20":37,"s:59:20:59:Infinity":158,"f:62:32:62:47":38,"s:62:47:62:57":159,"b:64:10:64:83":46,"f:74:44:74:47":39,"s:74:12:74:94":160,"f:74:85:74:88":40,"s:74:94:74:94":161,"b:86:80:86:83:86:80:86:111":47,"f:86:80:86:83":41,"s:86:91:86:111":162,"f:87:8:87:25":42,"s:94:26:113:70":163,"f:89:12:89:17":43,"s:88:35:91:66":164,"b:90:14:90:141:91:14:91:66":48,"b:90:25:90:38:90:42:90:63":49,"b:90:68:90:81:90:85:90:105":50,"f:91:41:91:56":44,"s:91:56:91:66":165,"f:98:12:98:17":45,"s:97:35:100:Infinity":166,"f:106:20:106:27":46,"s:105:35:106:118":167,"f:106:42:106:43":47,"s:106:12:106:118":168,"f:106:109:106:112":48,"s:106:118:106:118":169,"f:110:39:110:42":49,"s:110:35:110:Infinity":170,"f:113:39:113:42":50,"s:113:35:113:70":171,"b:119:24:119:34:119:24:119:36":51,"f:119:24:119:34":51,"s:119:24:119:36":172,"f:144:8:144:20":52,"s:144:120:146:45":173,"b:144:50:144:62:144:62:144:79":52,"f:144:79:144:82":53,"s:144:108:144:108":174,"b:144:91:144:108:144:91:144:108":53,"b:145:86:145:99:145:103:145:Infinity":54,"f:146:10:146:13":54,"s:146:45:146:45":175,"b:146:22:146:45:146:22:146:45":55,"f:120:6:120:Infinity":55,"s:133:18:141:70":176,"f:131:10:131:15":56,"s:131:72:131:72":177,"b:131:72:131:Infinity:131:72:131:72":56,"f:128:8:128:18":57,"s:128:54:129:62":178,"f:128:28:128:44":58,"s:128:44:128:54":179,"b:129:8:129:13:129:8:129:62":57,"b:135:6:141:70":58,"b:140:73:140:101:140:73:140:101":59}}}
}
